2019-06-21 00:03:29,341 [INFO] [main] com.ddc.server.mapper.DDCMessageMapperTest [StartupInfoLogger.java : 50] Starting DDCMessageMapperTest on DESKTOP-QRQVV9S with PID 12292 (started by pc in F:\ddc-parent\ddc_server)
2019-06-21 00:03:29,524 [DEBUG] [main] com.ddc.server.mapper.DDCMessageMapperTest [StartupInfoLogger.java : 53] Running with Spring Boot v2.1.5.RELEASE, Spring v5.1.7.RELEASE
2019-06-21 00:03:29,526 [INFO] [main] com.ddc.server.mapper.DDCMessageMapperTest [SpringApplication.java : 675] No active profile set, falling back to default profiles: default
2019-06-21 00:03:35,904 [INFO] [main] o.s.c.s.PostProcessorRegistrationDelegate$BeanPostProcessorChecker [PostProcessorRegistrationDelegate.java : 330] Bean 'transactionalConfig' of type [com.ddc.server.config.db.TransactionalConfig$$EnhancerBySpringCGLIB$$c90673ab] is not eligible for getting processed by all BeanPostProcessors (for example: not eligible for auto-proxying)
2019-06-21 00:03:36,268 [INFO] [main] o.s.c.s.PostProcessorRegistrationDelegate$BeanPostProcessorChecker [PostProcessorRegistrationDelegate.java : 330] Bean 'org.springframework.transaction.annotation.ProxyTransactionManagementConfiguration' of type [org.springframework.transaction.annotation.ProxyTransactionManagementConfiguration$$EnhancerBySpringCGLIB$$e98ce372] is not eligible for getting processed by all BeanPostProcessors (for example: not eligible for auto-proxying)
2019-06-21 00:03:36,358 [INFO] [main] o.s.c.s.PostProcessorRegistrationDelegate$BeanPostProcessorChecker [PostProcessorRegistrationDelegate.java : 330] Bean 'shiroConfig' of type [com.ddc.server.shiro.ShiroConfig$$EnhancerBySpringCGLIB$$7b2fc33a] is not eligible for getting processed by all BeanPostProcessors (for example: not eligible for auto-proxying)
2019-06-21 00:03:36,401 [INFO] [main] o.s.c.s.PostProcessorRegistrationDelegate$BeanPostProcessorChecker [PostProcessorRegistrationDelegate.java : 330] Bean 'hashedCredentialsMatcher' of type [org.apache.shiro.authc.credential.HashedCredentialsMatcher] is not eligible for getting processed by all BeanPostProcessors (for example: not eligible for auto-proxying)
2019-06-21 00:03:36,428 [INFO] [main] o.s.c.s.PostProcessorRegistrationDelegate$BeanPostProcessorChecker [PostProcessorRegistrationDelegate.java : 330] Bean 'myRealm' of type [com.ddc.server.shiro.MyRealm] is not eligible for getting processed by all BeanPostProcessors (for example: not eligible for auto-proxying)
2019-06-21 00:03:38,845 [INFO] [main] o.s.c.s.PostProcessorRegistrationDelegate$BeanPostProcessorChecker [PostProcessorRegistrationDelegate.java : 330] Bean 'securityManager' of type [org.apache.shiro.web.mgt.DefaultWebSecurityManager] is not eligible for getting processed by all BeanPostProcessors (for example: not eligible for auto-proxying)
2019-06-21 00:03:38,888 [INFO] [main] o.s.c.s.PostProcessorRegistrationDelegate$BeanPostProcessorChecker [PostProcessorRegistrationDelegate.java : 330] Bean 'org.springframework.hateoas.config.HateoasConfiguration' of type [org.springframework.hateoas.config.HateoasConfiguration$$EnhancerBySpringCGLIB$$690d30a4] is not eligible for getting processed by all BeanPostProcessors (for example: not eligible for auto-proxying)
2019-06-21 00:03:43,789 [INFO] [main] com.alibaba.druid.pool.DruidDataSource [DruidDataSource.java : 932] {dataSource-1} inited
2019-06-21 00:03:46,840 [INFO] [main] o.s.scheduling.concurrent.ThreadPoolTaskExecutor [ExecutorConfigurationSupport.java : 171] Initializing ExecutorService 'taskExecutor'
2019-06-21 00:03:47,058 [INFO] [main] o.s.scheduling.concurrent.ThreadPoolTaskExecutor [ExecutorConfigurationSupport.java : 171] Initializing ExecutorService
2019-06-21 00:03:47,059 [INFO] [main] o.s.scheduling.concurrent.ThreadPoolTaskExecutor [ExecutorConfigurationSupport.java : 171] Initializing ExecutorService 'taskAsyncPool'
2019-06-21 00:03:49,788 [INFO] [main] o.s.boot.autoconfigure.web.servlet.WelcomePageHandlerMapping [WelcomePageHandlerMapping.java : 61] Adding welcome page template: index
2019-06-21 00:03:50,793 [INFO] [main] com.ddc.server.mapper.DDCMessageMapperTest [StartupInfoLogger.java : 59] Started DDCMessageMapperTest in 23.008 seconds (JVM running for 26.748)
2019-06-21 00:03:50,815 [INFO] [main] com.ddc.server.config.web.PassUrlScanner [PassUrlScanner.java : 39] @Pass:[Constant.URLInfo(url=/index, className=com.ddc.server.controller.IndexController, pass=true, method=index, methodType=org.springframework.web.bind.annotation.RequestMapping)]
2019-06-21 00:03:50,816 [INFO] [main] com.ddc.server.config.web.PassUrlScanner [PassUrlScanner.java : 40] @Pass size:1
2019-06-21 00:03:52,271 [DEBUG] [main] com.ddc.server.mapper.DDCMessageMapper.insert [BaseJdbcLogger.java : 159] ==>  Preparing: INSERT INTO ddc_message ( username, sex, mobile, email, `path`, city, remark, `state`, operate, create_by, create_time, update_by, update_time, del_flag ) VALUES ( ?, ?, ?, ?, ?, ?, ?, ?, ?, ?, ?, ?, ?, ? ) 
2019-06-21 00:03:52,672 [DEBUG] [main] com.ddc.server.mapper.DDCMessageMapper.insert [BaseJdbcLogger.java : 159] ==> Parameters: user0(String), 0(Integer), 12345678900(Long), hello@qq.com(String), 无(String), 北进市海淀区(String), 无(String), 0(Integer), 0(Integer), 0(Long), 1561046632098(Long), 0(Long), 1561046632098(Long), 0(Integer)
2019-06-21 00:03:52,816 [DEBUG] [main] com.ddc.server.mapper.DDCMessageMapper.insert [BaseJdbcLogger.java : 159] <==    Updates: 1
2019-06-21 00:03:52,884 [DEBUG] [main] com.ddc.server.mapper.DDCMessageMapper.insert [BaseJdbcLogger.java : 159] ==>  Preparing: INSERT INTO ddc_message ( username, sex, mobile, email, `path`, city, remark, `state`, operate, create_by, create_time, update_by, update_time, del_flag ) VALUES ( ?, ?, ?, ?, ?, ?, ?, ?, ?, ?, ?, ?, ?, ? ) 
2019-06-21 00:03:52,888 [DEBUG] [main] com.ddc.server.mapper.DDCMessageMapper.insert [BaseJdbcLogger.java : 159] ==> Parameters: user1(String), 0(Integer), 12345678900(Long), hello@qq.com(String), 无(String), 北进市海淀区(String), 无(String), 0(Integer), 0(Integer), 0(Long), 1561046632882(Long), 0(Long), 1561046632882(Long), 0(Integer)
2019-06-21 00:03:52,926 [DEBUG] [main] com.ddc.server.mapper.DDCMessageMapper.insert [BaseJdbcLogger.java : 159] <==    Updates: 1
2019-06-21 00:03:52,930 [DEBUG] [main] com.ddc.server.mapper.DDCMessageMapper.insert [BaseJdbcLogger.java : 159] ==>  Preparing: INSERT INTO ddc_message ( username, sex, mobile, email, `path`, city, remark, `state`, operate, create_by, create_time, update_by, update_time, del_flag ) VALUES ( ?, ?, ?, ?, ?, ?, ?, ?, ?, ?, ?, ?, ?, ? ) 
2019-06-21 00:03:52,932 [DEBUG] [main] com.ddc.server.mapper.DDCMessageMapper.insert [BaseJdbcLogger.java : 159] ==> Parameters: user2(String), 0(Integer), 12345678900(Long), hello@qq.com(String), 无(String), 北进市海淀区(String), 无(String), 0(Integer), 0(Integer), 0(Long), 1561046632928(Long), 0(Long), 1561046632928(Long), 0(Integer)
2019-06-21 00:03:52,992 [DEBUG] [main] com.ddc.server.mapper.DDCMessageMapper.insert [BaseJdbcLogger.java : 159] <==    Updates: 1
2019-06-21 00:03:52,994 [DEBUG] [main] com.ddc.server.mapper.DDCMessageMapper.insert [BaseJdbcLogger.java : 159] ==>  Preparing: INSERT INTO ddc_message ( username, sex, mobile, email, `path`, city, remark, `state`, operate, create_by, create_time, update_by, update_time, del_flag ) VALUES ( ?, ?, ?, ?, ?, ?, ?, ?, ?, ?, ?, ?, ?, ? ) 
2019-06-21 00:03:52,997 [DEBUG] [main] com.ddc.server.mapper.DDCMessageMapper.insert [BaseJdbcLogger.java : 159] ==> Parameters: user3(String), 0(Integer), 12345678900(Long), hello@qq.com(String), 无(String), 北进市海淀区(String), 无(String), 0(Integer), 0(Integer), 0(Long), 1561046632993(Long), 0(Long), 1561046632993(Long), 0(Integer)
2019-06-21 00:03:53,090 [DEBUG] [main] com.ddc.server.mapper.DDCMessageMapper.insert [BaseJdbcLogger.java : 159] <==    Updates: 1
2019-06-21 00:03:53,093 [DEBUG] [main] com.ddc.server.mapper.DDCMessageMapper.insert [BaseJdbcLogger.java : 159] ==>  Preparing: INSERT INTO ddc_message ( username, sex, mobile, email, `path`, city, remark, `state`, operate, create_by, create_time, update_by, update_time, del_flag ) VALUES ( ?, ?, ?, ?, ?, ?, ?, ?, ?, ?, ?, ?, ?, ? ) 
2019-06-21 00:03:53,094 [DEBUG] [main] com.ddc.server.mapper.DDCMessageMapper.insert [BaseJdbcLogger.java : 159] ==> Parameters: user4(String), 0(Integer), 12345678900(Long), hello@qq.com(String), 无(String), 北进市海淀区(String), 无(String), 0(Integer), 0(Integer), 0(Long), 1561046633091(Long), 0(Long), 1561046633091(Long), 0(Integer)
2019-06-21 00:03:53,125 [DEBUG] [main] com.ddc.server.mapper.DDCMessageMapper.insert [BaseJdbcLogger.java : 159] <==    Updates: 1
2019-06-21 00:03:53,130 [DEBUG] [main] com.ddc.server.mapper.DDCMessageMapper.insert [BaseJdbcLogger.java : 159] ==>  Preparing: INSERT INTO ddc_message ( username, sex, mobile, email, `path`, city, remark, `state`, operate, create_by, create_time, update_by, update_time, del_flag ) VALUES ( ?, ?, ?, ?, ?, ?, ?, ?, ?, ?, ?, ?, ?, ? ) 
2019-06-21 00:03:53,132 [DEBUG] [main] com.ddc.server.mapper.DDCMessageMapper.insert [BaseJdbcLogger.java : 159] ==> Parameters: user5(String), 0(Integer), 12345678900(Long), hello@qq.com(String), 无(String), 北进市海淀区(String), 无(String), 0(Integer), 0(Integer), 0(Long), 1561046633126(Long), 0(Long), 1561046633126(Long), 0(Integer)
2019-06-21 00:03:53,224 [DEBUG] [main] com.ddc.server.mapper.DDCMessageMapper.insert [BaseJdbcLogger.java : 159] <==    Updates: 1
2019-06-21 00:03:53,230 [DEBUG] [main] com.ddc.server.mapper.DDCMessageMapper.insert [BaseJdbcLogger.java : 159] ==>  Preparing: INSERT INTO ddc_message ( username, sex, mobile, email, `path`, city, remark, `state`, operate, create_by, create_time, update_by, update_time, del_flag ) VALUES ( ?, ?, ?, ?, ?, ?, ?, ?, ?, ?, ?, ?, ?, ? ) 
2019-06-21 00:03:53,233 [DEBUG] [main] com.ddc.server.mapper.DDCMessageMapper.insert [BaseJdbcLogger.java : 159] ==> Parameters: user6(String), 0(Integer), 12345678900(Long), hello@qq.com(String), 无(String), 北进市海淀区(String), 无(String), 0(Integer), 0(Integer), 0(Long), 1561046633227(Long), 0(Long), 1561046633227(Long), 0(Integer)
2019-06-21 00:03:53,292 [DEBUG] [main] com.ddc.server.mapper.DDCMessageMapper.insert [BaseJdbcLogger.java : 159] <==    Updates: 1
2019-06-21 00:03:53,296 [DEBUG] [main] com.ddc.server.mapper.DDCMessageMapper.insert [BaseJdbcLogger.java : 159] ==>  Preparing: INSERT INTO ddc_message ( username, sex, mobile, email, `path`, city, remark, `state`, operate, create_by, create_time, update_by, update_time, del_flag ) VALUES ( ?, ?, ?, ?, ?, ?, ?, ?, ?, ?, ?, ?, ?, ? ) 
2019-06-21 00:03:53,298 [DEBUG] [main] com.ddc.server.mapper.DDCMessageMapper.insert [BaseJdbcLogger.java : 159] ==> Parameters: user7(String), 0(Integer), 12345678900(Long), hello@qq.com(String), 无(String), 北进市海淀区(String), 无(String), 0(Integer), 0(Integer), 0(Long), 1561046633293(Long), 0(Long), 1561046633293(Long), 0(Integer)
2019-06-21 00:03:53,355 [DEBUG] [main] com.ddc.server.mapper.DDCMessageMapper.insert [BaseJdbcLogger.java : 159] <==    Updates: 1
2019-06-21 00:03:53,361 [DEBUG] [main] com.ddc.server.mapper.DDCMessageMapper.insert [BaseJdbcLogger.java : 159] ==>  Preparing: INSERT INTO ddc_message ( username, sex, mobile, email, `path`, city, remark, `state`, operate, create_by, create_time, update_by, update_time, del_flag ) VALUES ( ?, ?, ?, ?, ?, ?, ?, ?, ?, ?, ?, ?, ?, ? ) 
2019-06-21 00:03:53,364 [DEBUG] [main] com.ddc.server.mapper.DDCMessageMapper.insert [BaseJdbcLogger.java : 159] ==> Parameters: user8(String), 0(Integer), 12345678900(Long), hello@qq.com(String), 无(String), 北进市海淀区(String), 无(String), 0(Integer), 0(Integer), 0(Long), 1561046633357(Long), 0(Long), 1561046633357(Long), 0(Integer)
2019-06-21 00:03:53,400 [DEBUG] [main] com.ddc.server.mapper.DDCMessageMapper.insert [BaseJdbcLogger.java : 159] <==    Updates: 1
2019-06-21 00:03:53,404 [DEBUG] [main] com.ddc.server.mapper.DDCMessageMapper.insert [BaseJdbcLogger.java : 159] ==>  Preparing: INSERT INTO ddc_message ( username, sex, mobile, email, `path`, city, remark, `state`, operate, create_by, create_time, update_by, update_time, del_flag ) VALUES ( ?, ?, ?, ?, ?, ?, ?, ?, ?, ?, ?, ?, ?, ? ) 
2019-06-21 00:03:53,407 [DEBUG] [main] com.ddc.server.mapper.DDCMessageMapper.insert [BaseJdbcLogger.java : 159] ==> Parameters: user9(String), 0(Integer), 12345678900(Long), hello@qq.com(String), 无(String), 北进市海淀区(String), 无(String), 0(Integer), 0(Integer), 0(Long), 1561046633402(Long), 0(Long), 1561046633402(Long), 0(Integer)
2019-06-21 00:03:53,455 [DEBUG] [main] com.ddc.server.mapper.DDCMessageMapper.insert [BaseJdbcLogger.java : 159] <==    Updates: 1
2019-06-21 00:03:53,459 [DEBUG] [main] com.ddc.server.mapper.DDCMessageMapper.insert [BaseJdbcLogger.java : 159] ==>  Preparing: INSERT INTO ddc_message ( username, sex, mobile, email, `path`, city, remark, `state`, operate, create_by, create_time, update_by, update_time, del_flag ) VALUES ( ?, ?, ?, ?, ?, ?, ?, ?, ?, ?, ?, ?, ?, ? ) 
2019-06-21 00:03:53,461 [DEBUG] [main] com.ddc.server.mapper.DDCMessageMapper.insert [BaseJdbcLogger.java : 159] ==> Parameters: user10(String), 0(Integer), 12345678900(Long), hello@qq.com(String), 无(String), 北进市海淀区(String), 无(String), 0(Integer), 0(Integer), 0(Long), 1561046633457(Long), 0(Long), 1561046633457(Long), 0(Integer)
2019-06-21 00:03:53,500 [DEBUG] [main] com.ddc.server.mapper.DDCMessageMapper.insert [BaseJdbcLogger.java : 159] <==    Updates: 1
2019-06-21 00:03:53,504 [DEBUG] [main] com.ddc.server.mapper.DDCMessageMapper.insert [BaseJdbcLogger.java : 159] ==>  Preparing: INSERT INTO ddc_message ( username, sex, mobile, email, `path`, city, remark, `state`, operate, create_by, create_time, update_by, update_time, del_flag ) VALUES ( ?, ?, ?, ?, ?, ?, ?, ?, ?, ?, ?, ?, ?, ? ) 
2019-06-21 00:03:53,506 [DEBUG] [main] com.ddc.server.mapper.DDCMessageMapper.insert [BaseJdbcLogger.java : 159] ==> Parameters: user11(String), 0(Integer), 12345678900(Long), hello@qq.com(String), 无(String), 北进市海淀区(String), 无(String), 0(Integer), 0(Integer), 0(Long), 1561046633502(Long), 0(Long), 1561046633502(Long), 0(Integer)
2019-06-21 00:03:53,546 [DEBUG] [main] com.ddc.server.mapper.DDCMessageMapper.insert [BaseJdbcLogger.java : 159] <==    Updates: 1
2019-06-21 00:03:53,549 [DEBUG] [main] com.ddc.server.mapper.DDCMessageMapper.insert [BaseJdbcLogger.java : 159] ==>  Preparing: INSERT INTO ddc_message ( username, sex, mobile, email, `path`, city, remark, `state`, operate, create_by, create_time, update_by, update_time, del_flag ) VALUES ( ?, ?, ?, ?, ?, ?, ?, ?, ?, ?, ?, ?, ?, ? ) 
2019-06-21 00:03:53,551 [DEBUG] [main] com.ddc.server.mapper.DDCMessageMapper.insert [BaseJdbcLogger.java : 159] ==> Parameters: user12(String), 0(Integer), 12345678900(Long), hello@qq.com(String), 无(String), 北进市海淀区(String), 无(String), 0(Integer), 0(Integer), 0(Long), 1561046633548(Long), 0(Long), 1561046633548(Long), 0(Integer)
2019-06-21 00:03:53,599 [DEBUG] [main] com.ddc.server.mapper.DDCMessageMapper.insert [BaseJdbcLogger.java : 159] <==    Updates: 1
2019-06-21 00:03:53,604 [DEBUG] [main] com.ddc.server.mapper.DDCMessageMapper.insert [BaseJdbcLogger.java : 159] ==>  Preparing: INSERT INTO ddc_message ( username, sex, mobile, email, `path`, city, remark, `state`, operate, create_by, create_time, update_by, update_time, del_flag ) VALUES ( ?, ?, ?, ?, ?, ?, ?, ?, ?, ?, ?, ?, ?, ? ) 
2019-06-21 00:03:53,607 [DEBUG] [main] com.ddc.server.mapper.DDCMessageMapper.insert [BaseJdbcLogger.java : 159] ==> Parameters: user13(String), 0(Integer), 12345678900(Long), hello@qq.com(String), 无(String), 北进市海淀区(String), 无(String), 0(Integer), 0(Integer), 0(Long), 1561046633601(Long), 0(Long), 1561046633601(Long), 0(Integer)
2019-06-21 00:03:53,671 [DEBUG] [main] com.ddc.server.mapper.DDCMessageMapper.insert [BaseJdbcLogger.java : 159] <==    Updates: 1
2019-06-21 00:03:53,673 [DEBUG] [main] com.ddc.server.mapper.DDCMessageMapper.insert [BaseJdbcLogger.java : 159] ==>  Preparing: INSERT INTO ddc_message ( username, sex, mobile, email, `path`, city, remark, `state`, operate, create_by, create_time, update_by, update_time, del_flag ) VALUES ( ?, ?, ?, ?, ?, ?, ?, ?, ?, ?, ?, ?, ?, ? ) 
2019-06-21 00:03:53,674 [DEBUG] [main] com.ddc.server.mapper.DDCMessageMapper.insert [BaseJdbcLogger.java : 159] ==> Parameters: user14(String), 0(Integer), 12345678900(Long), hello@qq.com(String), 无(String), 北进市海淀区(String), 无(String), 0(Integer), 0(Integer), 0(Long), 1561046633672(Long), 0(Long), 1561046633672(Long), 0(Integer)
2019-06-21 00:03:53,746 [DEBUG] [main] com.ddc.server.mapper.DDCMessageMapper.insert [BaseJdbcLogger.java : 159] <==    Updates: 1
2019-06-21 00:03:53,749 [DEBUG] [main] com.ddc.server.mapper.DDCMessageMapper.insert [BaseJdbcLogger.java : 159] ==>  Preparing: INSERT INTO ddc_message ( username, sex, mobile, email, `path`, city, remark, `state`, operate, create_by, create_time, update_by, update_time, del_flag ) VALUES ( ?, ?, ?, ?, ?, ?, ?, ?, ?, ?, ?, ?, ?, ? ) 
2019-06-21 00:03:53,751 [DEBUG] [main] com.ddc.server.mapper.DDCMessageMapper.insert [BaseJdbcLogger.java : 159] ==> Parameters: user15(String), 0(Integer), 12345678900(Long), hello@qq.com(String), 无(String), 北进市海淀区(String), 无(String), 0(Integer), 0(Integer), 0(Long), 1561046633747(Long), 0(Long), 1561046633747(Long), 0(Integer)
2019-06-21 00:03:53,809 [DEBUG] [main] com.ddc.server.mapper.DDCMessageMapper.insert [BaseJdbcLogger.java : 159] <==    Updates: 1
2019-06-21 00:03:53,812 [DEBUG] [main] com.ddc.server.mapper.DDCMessageMapper.insert [BaseJdbcLogger.java : 159] ==>  Preparing: INSERT INTO ddc_message ( username, sex, mobile, email, `path`, city, remark, `state`, operate, create_by, create_time, update_by, update_time, del_flag ) VALUES ( ?, ?, ?, ?, ?, ?, ?, ?, ?, ?, ?, ?, ?, ? ) 
2019-06-21 00:03:53,813 [DEBUG] [main] com.ddc.server.mapper.DDCMessageMapper.insert [BaseJdbcLogger.java : 159] ==> Parameters: user16(String), 0(Integer), 12345678900(Long), hello@qq.com(String), 无(String), 北进市海淀区(String), 无(String), 0(Integer), 0(Integer), 0(Long), 1561046633811(Long), 0(Long), 1561046633811(Long), 0(Integer)
2019-06-21 00:03:53,855 [DEBUG] [main] com.ddc.server.mapper.DDCMessageMapper.insert [BaseJdbcLogger.java : 159] <==    Updates: 1
2019-06-21 00:03:53,859 [DEBUG] [main] com.ddc.server.mapper.DDCMessageMapper.insert [BaseJdbcLogger.java : 159] ==>  Preparing: INSERT INTO ddc_message ( username, sex, mobile, email, `path`, city, remark, `state`, operate, create_by, create_time, update_by, update_time, del_flag ) VALUES ( ?, ?, ?, ?, ?, ?, ?, ?, ?, ?, ?, ?, ?, ? ) 
2019-06-21 00:03:53,861 [DEBUG] [main] com.ddc.server.mapper.DDCMessageMapper.insert [BaseJdbcLogger.java : 159] ==> Parameters: user17(String), 0(Integer), 12345678900(Long), hello@qq.com(String), 无(String), 北进市海淀区(String), 无(String), 0(Integer), 0(Integer), 0(Long), 1561046633857(Long), 0(Long), 1561046633857(Long), 0(Integer)
2019-06-21 00:03:53,908 [DEBUG] [main] com.ddc.server.mapper.DDCMessageMapper.insert [BaseJdbcLogger.java : 159] <==    Updates: 1
2019-06-21 00:03:53,912 [DEBUG] [main] com.ddc.server.mapper.DDCMessageMapper.insert [BaseJdbcLogger.java : 159] ==>  Preparing: INSERT INTO ddc_message ( username, sex, mobile, email, `path`, city, remark, `state`, operate, create_by, create_time, update_by, update_time, del_flag ) VALUES ( ?, ?, ?, ?, ?, ?, ?, ?, ?, ?, ?, ?, ?, ? ) 
2019-06-21 00:03:53,914 [DEBUG] [main] com.ddc.server.mapper.DDCMessageMapper.insert [BaseJdbcLogger.java : 159] ==> Parameters: user18(String), 0(Integer), 12345678900(Long), hello@qq.com(String), 无(String), 北进市海淀区(String), 无(String), 0(Integer), 0(Integer), 0(Long), 1561046633910(Long), 0(Long), 1561046633910(Long), 0(Integer)
2019-06-21 00:03:53,953 [DEBUG] [main] com.ddc.server.mapper.DDCMessageMapper.insert [BaseJdbcLogger.java : 159] <==    Updates: 1
2019-06-21 00:03:53,955 [DEBUG] [main] com.ddc.server.mapper.DDCMessageMapper.insert [BaseJdbcLogger.java : 159] ==>  Preparing: INSERT INTO ddc_message ( username, sex, mobile, email, `path`, city, remark, `state`, operate, create_by, create_time, update_by, update_time, del_flag ) VALUES ( ?, ?, ?, ?, ?, ?, ?, ?, ?, ?, ?, ?, ?, ? ) 
2019-06-21 00:03:53,957 [DEBUG] [main] com.ddc.server.mapper.DDCMessageMapper.insert [BaseJdbcLogger.java : 159] ==> Parameters: user19(String), 0(Integer), 12345678900(Long), hello@qq.com(String), 无(String), 北进市海淀区(String), 无(String), 0(Integer), 0(Integer), 0(Long), 1561046633955(Long), 0(Long), 1561046633955(Long), 0(Integer)
2019-06-21 00:03:54,033 [DEBUG] [main] com.ddc.server.mapper.DDCMessageMapper.insert [BaseJdbcLogger.java : 159] <==    Updates: 1
2019-06-21 00:03:54,103 [INFO] [Thread-2] o.s.scheduling.concurrent.ThreadPoolTaskExecutor [ExecutorConfigurationSupport.java : 208] Shutting down ExecutorService 'taskAsyncPool'
2019-06-21 00:03:54,103 [INFO] [Thread-2] o.s.scheduling.concurrent.ThreadPoolTaskExecutor [ExecutorConfigurationSupport.java : 208] Shutting down ExecutorService 'taskExecutor'
2019-06-21 00:03:54,140 [INFO] [Thread-2] com.alibaba.druid.pool.DruidDataSource [DruidDataSource.java : 1712] {dataSource-1} closed
2019-06-21 00:11:51,486 [INFO] [main] com.ddc.server.mapper.DDCMessageMapperTest [StartupInfoLogger.java : 50] Starting DDCMessageMapperTest on DESKTOP-QRQVV9S with PID 6100 (started by pc in F:\ddc-parent\ddc_server)
2019-06-21 00:11:51,491 [DEBUG] [main] com.ddc.server.mapper.DDCMessageMapperTest [StartupInfoLogger.java : 53] Running with Spring Boot v2.1.5.RELEASE, Spring v5.1.7.RELEASE
2019-06-21 00:11:51,492 [INFO] [main] com.ddc.server.mapper.DDCMessageMapperTest [SpringApplication.java : 675] No active profile set, falling back to default profiles: default
2019-06-21 00:11:56,420 [INFO] [main] o.s.c.s.PostProcessorRegistrationDelegate$BeanPostProcessorChecker [PostProcessorRegistrationDelegate.java : 330] Bean 'transactionalConfig' of type [com.ddc.server.config.db.TransactionalConfig$$EnhancerBySpringCGLIB$$ab2fb5fd] is not eligible for getting processed by all BeanPostProcessors (for example: not eligible for auto-proxying)
2019-06-21 00:11:56,682 [INFO] [main] o.s.c.s.PostProcessorRegistrationDelegate$BeanPostProcessorChecker [PostProcessorRegistrationDelegate.java : 330] Bean 'org.springframework.transaction.annotation.ProxyTransactionManagementConfiguration' of type [org.springframework.transaction.annotation.ProxyTransactionManagementConfiguration$$EnhancerBySpringCGLIB$$cbb625c4] is not eligible for getting processed by all BeanPostProcessors (for example: not eligible for auto-proxying)
2019-06-21 00:11:56,796 [INFO] [main] o.s.c.s.PostProcessorRegistrationDelegate$BeanPostProcessorChecker [PostProcessorRegistrationDelegate.java : 330] Bean 'shiroConfig' of type [com.ddc.server.shiro.ShiroConfig$$EnhancerBySpringCGLIB$$5d59058c] is not eligible for getting processed by all BeanPostProcessors (for example: not eligible for auto-proxying)
2019-06-21 00:11:56,835 [INFO] [main] o.s.c.s.PostProcessorRegistrationDelegate$BeanPostProcessorChecker [PostProcessorRegistrationDelegate.java : 330] Bean 'hashedCredentialsMatcher' of type [org.apache.shiro.authc.credential.HashedCredentialsMatcher] is not eligible for getting processed by all BeanPostProcessors (for example: not eligible for auto-proxying)
2019-06-21 00:11:56,869 [INFO] [main] o.s.c.s.PostProcessorRegistrationDelegate$BeanPostProcessorChecker [PostProcessorRegistrationDelegate.java : 330] Bean 'myRealm' of type [com.ddc.server.shiro.MyRealm] is not eligible for getting processed by all BeanPostProcessors (for example: not eligible for auto-proxying)
2019-06-21 00:11:57,807 [INFO] [main] o.s.c.s.PostProcessorRegistrationDelegate$BeanPostProcessorChecker [PostProcessorRegistrationDelegate.java : 330] Bean 'securityManager' of type [org.apache.shiro.web.mgt.DefaultWebSecurityManager] is not eligible for getting processed by all BeanPostProcessors (for example: not eligible for auto-proxying)
2019-06-21 00:11:57,883 [INFO] [main] o.s.c.s.PostProcessorRegistrationDelegate$BeanPostProcessorChecker [PostProcessorRegistrationDelegate.java : 330] Bean 'org.springframework.hateoas.config.HateoasConfiguration' of type [org.springframework.hateoas.config.HateoasConfiguration$$EnhancerBySpringCGLIB$$4b3672f6] is not eligible for getting processed by all BeanPostProcessors (for example: not eligible for auto-proxying)
2019-06-21 00:12:02,326 [INFO] [main] com.alibaba.druid.pool.DruidDataSource [DruidDataSource.java : 932] {dataSource-1} inited
2019-06-21 00:12:03,849 [INFO] [main] o.s.scheduling.concurrent.ThreadPoolTaskExecutor [ExecutorConfigurationSupport.java : 171] Initializing ExecutorService 'taskExecutor'
2019-06-21 00:12:03,858 [INFO] [main] o.s.scheduling.concurrent.ThreadPoolTaskExecutor [ExecutorConfigurationSupport.java : 171] Initializing ExecutorService
2019-06-21 00:12:03,859 [INFO] [main] o.s.scheduling.concurrent.ThreadPoolTaskExecutor [ExecutorConfigurationSupport.java : 171] Initializing ExecutorService 'taskAsyncPool'
2019-06-21 00:12:05,581 [INFO] [main] o.s.boot.autoconfigure.web.servlet.WelcomePageHandlerMapping [WelcomePageHandlerMapping.java : 61] Adding welcome page template: index
2019-06-21 00:12:06,456 [INFO] [main] com.ddc.server.mapper.DDCMessageMapperTest [StartupInfoLogger.java : 59] Started DDCMessageMapperTest in 15.993 seconds (JVM running for 20.678)
2019-06-21 00:12:06,511 [INFO] [main] com.ddc.server.config.web.PassUrlScanner [PassUrlScanner.java : 39] @Pass:[Constant.URLInfo(url=/index, className=com.ddc.server.controller.IndexController, pass=true, method=index, methodType=org.springframework.web.bind.annotation.RequestMapping)]
2019-06-21 00:12:06,512 [INFO] [main] com.ddc.server.config.web.PassUrlScanner [PassUrlScanner.java : 40] @Pass size:1
2019-06-21 00:12:12,203 [DEBUG] [main] com.ddc.server.mapper.DDCMessageMapper.insert [BaseJdbcLogger.java : 159] ==>  Preparing: INSERT INTO ddc_message ( username, sex, mobile, email, `path`, city, remark, `state`, operate, create_by, create_time, update_by, update_time, del_flag ) VALUES ( ?, ?, ?, ?, ?, ?, ?, ?, ?, ?, ?, ?, ?, ? ) 
2019-06-21 00:12:12,545 [DEBUG] [main] com.ddc.server.mapper.DDCMessageMapper.insert [BaseJdbcLogger.java : 159] ==> Parameters: user0(String), 0(Integer), 12345678900(Long), hello@qq.com(String), 无(String), 北进市海淀区(String), 无(String), 0(Integer), 0(Integer), 0(Long), 1561047132074(Long), 0(Long), 1561047132074(Long), 0(Integer)
2019-06-21 00:12:12,602 [DEBUG] [main] com.ddc.server.mapper.DDCMessageMapper.insert [BaseJdbcLogger.java : 159] <==    Updates: 1
2019-06-21 00:12:12,621 [DEBUG] [main] com.ddc.server.mapper.DDCMessageMapper.insert [BaseJdbcLogger.java : 159] ==>  Preparing: INSERT INTO ddc_message ( username, sex, mobile, email, `path`, city, remark, `state`, operate, create_by, create_time, update_by, update_time, del_flag ) VALUES ( ?, ?, ?, ?, ?, ?, ?, ?, ?, ?, ?, ?, ?, ? ) 
2019-06-21 00:12:12,623 [DEBUG] [main] com.ddc.server.mapper.DDCMessageMapper.insert [BaseJdbcLogger.java : 159] ==> Parameters: user1(String), 0(Integer), 12345678900(Long), hello@qq.com(String), 无(String), 北进市海淀区(String), 无(String), 0(Integer), 0(Integer), 0(Long), 1561047132619(Long), 0(Long), 1561047132619(Long), 0(Integer)
2019-06-21 00:12:12,682 [DEBUG] [main] com.ddc.server.mapper.DDCMessageMapper.insert [BaseJdbcLogger.java : 159] <==    Updates: 1
2019-06-21 00:12:12,686 [DEBUG] [main] com.ddc.server.mapper.DDCMessageMapper.insert [BaseJdbcLogger.java : 159] ==>  Preparing: INSERT INTO ddc_message ( username, sex, mobile, email, `path`, city, remark, `state`, operate, create_by, create_time, update_by, update_time, del_flag ) VALUES ( ?, ?, ?, ?, ?, ?, ?, ?, ?, ?, ?, ?, ?, ? ) 
2019-06-21 00:12:12,688 [DEBUG] [main] com.ddc.server.mapper.DDCMessageMapper.insert [BaseJdbcLogger.java : 159] ==> Parameters: user2(String), 0(Integer), 12345678900(Long), hello@qq.com(String), 无(String), 北进市海淀区(String), 无(String), 0(Integer), 0(Integer), 0(Long), 1561047132684(Long), 0(Long), 1561047132684(Long), 0(Integer)
2019-06-21 00:12:12,734 [DEBUG] [main] com.ddc.server.mapper.DDCMessageMapper.insert [BaseJdbcLogger.java : 159] <==    Updates: 1
2019-06-21 00:12:12,737 [DEBUG] [main] com.ddc.server.mapper.DDCMessageMapper.insert [BaseJdbcLogger.java : 159] ==>  Preparing: INSERT INTO ddc_message ( username, sex, mobile, email, `path`, city, remark, `state`, operate, create_by, create_time, update_by, update_time, del_flag ) VALUES ( ?, ?, ?, ?, ?, ?, ?, ?, ?, ?, ?, ?, ?, ? ) 
2019-06-21 00:12:12,740 [DEBUG] [main] com.ddc.server.mapper.DDCMessageMapper.insert [BaseJdbcLogger.java : 159] ==> Parameters: user3(String), 0(Integer), 12345678900(Long), hello@qq.com(String), 无(String), 北进市海淀区(String), 无(String), 0(Integer), 0(Integer), 0(Long), 1561047132735(Long), 0(Long), 1561047132735(Long), 0(Integer)
2019-06-21 00:12:12,789 [DEBUG] [main] com.ddc.server.mapper.DDCMessageMapper.insert [BaseJdbcLogger.java : 159] <==    Updates: 1
2019-06-21 00:12:12,792 [DEBUG] [main] com.ddc.server.mapper.DDCMessageMapper.insert [BaseJdbcLogger.java : 159] ==>  Preparing: INSERT INTO ddc_message ( username, sex, mobile, email, `path`, city, remark, `state`, operate, create_by, create_time, update_by, update_time, del_flag ) VALUES ( ?, ?, ?, ?, ?, ?, ?, ?, ?, ?, ?, ?, ?, ? ) 
2019-06-21 00:12:12,794 [DEBUG] [main] com.ddc.server.mapper.DDCMessageMapper.insert [BaseJdbcLogger.java : 159] ==> Parameters: user4(String), 0(Integer), 12345678900(Long), hello@qq.com(String), 无(String), 北进市海淀区(String), 无(String), 0(Integer), 0(Integer), 0(Long), 1561047132791(Long), 0(Long), 1561047132791(Long), 0(Integer)
2019-06-21 00:12:12,831 [DEBUG] [main] com.ddc.server.mapper.DDCMessageMapper.insert [BaseJdbcLogger.java : 159] <==    Updates: 1
2019-06-21 00:12:12,837 [DEBUG] [main] com.ddc.server.mapper.DDCMessageMapper.insert [BaseJdbcLogger.java : 159] ==>  Preparing: INSERT INTO ddc_message ( username, sex, mobile, email, `path`, city, remark, `state`, operate, create_by, create_time, update_by, update_time, del_flag ) VALUES ( ?, ?, ?, ?, ?, ?, ?, ?, ?, ?, ?, ?, ?, ? ) 
2019-06-21 00:12:12,839 [DEBUG] [main] com.ddc.server.mapper.DDCMessageMapper.insert [BaseJdbcLogger.java : 159] ==> Parameters: user5(String), 0(Integer), 12345678900(Long), hello@qq.com(String), 无(String), 北进市海淀区(String), 无(String), 0(Integer), 0(Integer), 0(Long), 1561047132832(Long), 0(Long), 1561047132832(Long), 0(Integer)
2019-06-21 00:12:12,933 [DEBUG] [main] com.ddc.server.mapper.DDCMessageMapper.insert [BaseJdbcLogger.java : 159] <==    Updates: 1
2019-06-21 00:12:12,936 [DEBUG] [main] com.ddc.server.mapper.DDCMessageMapper.insert [BaseJdbcLogger.java : 159] ==>  Preparing: INSERT INTO ddc_message ( username, sex, mobile, email, `path`, city, remark, `state`, operate, create_by, create_time, update_by, update_time, del_flag ) VALUES ( ?, ?, ?, ?, ?, ?, ?, ?, ?, ?, ?, ?, ?, ? ) 
2019-06-21 00:12:12,937 [DEBUG] [main] com.ddc.server.mapper.DDCMessageMapper.insert [BaseJdbcLogger.java : 159] ==> Parameters: user6(String), 0(Integer), 12345678900(Long), hello@qq.com(String), 无(String), 北进市海淀区(String), 无(String), 0(Integer), 0(Integer), 0(Long), 1561047132935(Long), 0(Long), 1561047132935(Long), 0(Integer)
2019-06-21 00:12:13,000 [DEBUG] [main] com.ddc.server.mapper.DDCMessageMapper.insert [BaseJdbcLogger.java : 159] <==    Updates: 1
2019-06-21 00:12:13,002 [DEBUG] [main] com.ddc.server.mapper.DDCMessageMapper.insert [BaseJdbcLogger.java : 159] ==>  Preparing: INSERT INTO ddc_message ( username, sex, mobile, email, `path`, city, remark, `state`, operate, create_by, create_time, update_by, update_time, del_flag ) VALUES ( ?, ?, ?, ?, ?, ?, ?, ?, ?, ?, ?, ?, ?, ? ) 
2019-06-21 00:12:13,003 [DEBUG] [main] com.ddc.server.mapper.DDCMessageMapper.insert [BaseJdbcLogger.java : 159] ==> Parameters: user7(String), 0(Integer), 12345678900(Long), hello@qq.com(String), 无(String), 北进市海淀区(String), 无(String), 0(Integer), 0(Integer), 0(Long), 1561047133001(Long), 0(Long), 1561047133001(Long), 0(Integer)
2019-06-21 00:12:13,066 [DEBUG] [main] com.ddc.server.mapper.DDCMessageMapper.insert [BaseJdbcLogger.java : 159] <==    Updates: 1
2019-06-21 00:12:13,069 [DEBUG] [main] com.ddc.server.mapper.DDCMessageMapper.insert [BaseJdbcLogger.java : 159] ==>  Preparing: INSERT INTO ddc_message ( username, sex, mobile, email, `path`, city, remark, `state`, operate, create_by, create_time, update_by, update_time, del_flag ) VALUES ( ?, ?, ?, ?, ?, ?, ?, ?, ?, ?, ?, ?, ?, ? ) 
2019-06-21 00:12:13,070 [DEBUG] [main] com.ddc.server.mapper.DDCMessageMapper.insert [BaseJdbcLogger.java : 159] ==> Parameters: user8(String), 0(Integer), 12345678900(Long), hello@qq.com(String), 无(String), 北进市海淀区(String), 无(String), 0(Integer), 0(Integer), 0(Long), 1561047133067(Long), 0(Long), 1561047133067(Long), 0(Integer)
2019-06-21 00:12:13,132 [DEBUG] [main] com.ddc.server.mapper.DDCMessageMapper.insert [BaseJdbcLogger.java : 159] <==    Updates: 1
2019-06-21 00:12:13,135 [DEBUG] [main] com.ddc.server.mapper.DDCMessageMapper.insert [BaseJdbcLogger.java : 159] ==>  Preparing: INSERT INTO ddc_message ( username, sex, mobile, email, `path`, city, remark, `state`, operate, create_by, create_time, update_by, update_time, del_flag ) VALUES ( ?, ?, ?, ?, ?, ?, ?, ?, ?, ?, ?, ?, ?, ? ) 
2019-06-21 00:12:13,136 [DEBUG] [main] com.ddc.server.mapper.DDCMessageMapper.insert [BaseJdbcLogger.java : 159] ==> Parameters: user9(String), 0(Integer), 12345678900(Long), hello@qq.com(String), 无(String), 北进市海淀区(String), 无(String), 0(Integer), 0(Integer), 0(Long), 1561047133134(Long), 0(Long), 1561047133134(Long), 0(Integer)
2019-06-21 00:12:13,188 [DEBUG] [main] com.ddc.server.mapper.DDCMessageMapper.insert [BaseJdbcLogger.java : 159] <==    Updates: 1
2019-06-21 00:12:13,191 [DEBUG] [main] com.ddc.server.mapper.DDCMessageMapper.insert [BaseJdbcLogger.java : 159] ==>  Preparing: INSERT INTO ddc_message ( username, sex, mobile, email, `path`, city, remark, `state`, operate, create_by, create_time, update_by, update_time, del_flag ) VALUES ( ?, ?, ?, ?, ?, ?, ?, ?, ?, ?, ?, ?, ?, ? ) 
2019-06-21 00:12:13,194 [DEBUG] [main] com.ddc.server.mapper.DDCMessageMapper.insert [BaseJdbcLogger.java : 159] ==> Parameters: user10(String), 0(Integer), 12345678900(Long), hello@qq.com(String), 无(String), 北进市海淀区(String), 无(String), 0(Integer), 0(Integer), 0(Long), 1561047133190(Long), 0(Long), 1561047133190(Long), 0(Integer)
2019-06-21 00:12:13,243 [DEBUG] [main] com.ddc.server.mapper.DDCMessageMapper.insert [BaseJdbcLogger.java : 159] <==    Updates: 1
2019-06-21 00:12:13,248 [DEBUG] [main] com.ddc.server.mapper.DDCMessageMapper.insert [BaseJdbcLogger.java : 159] ==>  Preparing: INSERT INTO ddc_message ( username, sex, mobile, email, `path`, city, remark, `state`, operate, create_by, create_time, update_by, update_time, del_flag ) VALUES ( ?, ?, ?, ?, ?, ?, ?, ?, ?, ?, ?, ?, ?, ? ) 
2019-06-21 00:12:13,251 [DEBUG] [main] com.ddc.server.mapper.DDCMessageMapper.insert [BaseJdbcLogger.java : 159] ==> Parameters: user11(String), 0(Integer), 12345678900(Long), hello@qq.com(String), 无(String), 北进市海淀区(String), 无(String), 0(Integer), 0(Integer), 0(Long), 1561047133246(Long), 0(Long), 1561047133246(Long), 0(Integer)
2019-06-21 00:12:13,296 [DEBUG] [main] com.ddc.server.mapper.DDCMessageMapper.insert [BaseJdbcLogger.java : 159] <==    Updates: 1
2019-06-21 00:12:13,301 [DEBUG] [main] com.ddc.server.mapper.DDCMessageMapper.insert [BaseJdbcLogger.java : 159] ==>  Preparing: INSERT INTO ddc_message ( username, sex, mobile, email, `path`, city, remark, `state`, operate, create_by, create_time, update_by, update_time, del_flag ) VALUES ( ?, ?, ?, ?, ?, ?, ?, ?, ?, ?, ?, ?, ?, ? ) 
2019-06-21 00:12:13,303 [DEBUG] [main] com.ddc.server.mapper.DDCMessageMapper.insert [BaseJdbcLogger.java : 159] ==> Parameters: user12(String), 0(Integer), 12345678900(Long), hello@qq.com(String), 无(String), 北进市海淀区(String), 无(String), 0(Integer), 0(Integer), 0(Long), 1561047133298(Long), 0(Long), 1561047133298(Long), 0(Integer)
2019-06-21 00:12:13,366 [DEBUG] [main] com.ddc.server.mapper.DDCMessageMapper.insert [BaseJdbcLogger.java : 159] <==    Updates: 1
2019-06-21 00:12:13,371 [DEBUG] [main] com.ddc.server.mapper.DDCMessageMapper.insert [BaseJdbcLogger.java : 159] ==>  Preparing: INSERT INTO ddc_message ( username, sex, mobile, email, `path`, city, remark, `state`, operate, create_by, create_time, update_by, update_time, del_flag ) VALUES ( ?, ?, ?, ?, ?, ?, ?, ?, ?, ?, ?, ?, ?, ? ) 
2019-06-21 00:12:13,374 [DEBUG] [main] com.ddc.server.mapper.DDCMessageMapper.insert [BaseJdbcLogger.java : 159] ==> Parameters: user13(String), 0(Integer), 12345678900(Long), hello@qq.com(String), 无(String), 北进市海淀区(String), 无(String), 0(Integer), 0(Integer), 0(Long), 1561047133369(Long), 0(Long), 1561047133369(Long), 0(Integer)
2019-06-21 00:12:13,429 [DEBUG] [main] com.ddc.server.mapper.DDCMessageMapper.insert [BaseJdbcLogger.java : 159] <==    Updates: 1
2019-06-21 00:12:13,431 [DEBUG] [main] com.ddc.server.mapper.DDCMessageMapper.insert [BaseJdbcLogger.java : 159] ==>  Preparing: INSERT INTO ddc_message ( username, sex, mobile, email, `path`, city, remark, `state`, operate, create_by, create_time, update_by, update_time, del_flag ) VALUES ( ?, ?, ?, ?, ?, ?, ?, ?, ?, ?, ?, ?, ?, ? ) 
2019-06-21 00:12:13,432 [DEBUG] [main] com.ddc.server.mapper.DDCMessageMapper.insert [BaseJdbcLogger.java : 159] ==> Parameters: user14(String), 0(Integer), 12345678900(Long), hello@qq.com(String), 无(String), 北进市海淀区(String), 无(String), 0(Integer), 0(Integer), 0(Long), 1561047133430(Long), 0(Long), 1561047133430(Long), 0(Integer)
2019-06-21 00:12:13,473 [DEBUG] [main] com.ddc.server.mapper.DDCMessageMapper.insert [BaseJdbcLogger.java : 159] <==    Updates: 1
2019-06-21 00:12:13,477 [DEBUG] [main] com.ddc.server.mapper.DDCMessageMapper.insert [BaseJdbcLogger.java : 159] ==>  Preparing: INSERT INTO ddc_message ( username, sex, mobile, email, `path`, city, remark, `state`, operate, create_by, create_time, update_by, update_time, del_flag ) VALUES ( ?, ?, ?, ?, ?, ?, ?, ?, ?, ?, ?, ?, ?, ? ) 
2019-06-21 00:12:13,479 [DEBUG] [main] com.ddc.server.mapper.DDCMessageMapper.insert [BaseJdbcLogger.java : 159] ==> Parameters: user15(String), 0(Integer), 12345678900(Long), hello@qq.com(String), 无(String), 北进市海淀区(String), 无(String), 0(Integer), 0(Integer), 0(Long), 1561047133474(Long), 0(Long), 1561047133474(Long), 0(Integer)
2019-06-21 00:12:13,565 [DEBUG] [main] com.ddc.server.mapper.DDCMessageMapper.insert [BaseJdbcLogger.java : 159] <==    Updates: 1
2019-06-21 00:12:13,570 [DEBUG] [main] com.ddc.server.mapper.DDCMessageMapper.insert [BaseJdbcLogger.java : 159] ==>  Preparing: INSERT INTO ddc_message ( username, sex, mobile, email, `path`, city, remark, `state`, operate, create_by, create_time, update_by, update_time, del_flag ) VALUES ( ?, ?, ?, ?, ?, ?, ?, ?, ?, ?, ?, ?, ?, ? ) 
2019-06-21 00:12:13,573 [DEBUG] [main] com.ddc.server.mapper.DDCMessageMapper.insert [BaseJdbcLogger.java : 159] ==> Parameters: user16(String), 0(Integer), 12345678900(Long), hello@qq.com(String), 无(String), 北进市海淀区(String), 无(String), 0(Integer), 0(Integer), 0(Long), 1561047133568(Long), 0(Long), 1561047133568(Long), 0(Integer)
2019-06-21 00:12:13,609 [DEBUG] [main] com.ddc.server.mapper.DDCMessageMapper.insert [BaseJdbcLogger.java : 159] <==    Updates: 1
2019-06-21 00:12:13,611 [DEBUG] [main] com.ddc.server.mapper.DDCMessageMapper.insert [BaseJdbcLogger.java : 159] ==>  Preparing: INSERT INTO ddc_message ( username, sex, mobile, email, `path`, city, remark, `state`, operate, create_by, create_time, update_by, update_time, del_flag ) VALUES ( ?, ?, ?, ?, ?, ?, ?, ?, ?, ?, ?, ?, ?, ? ) 
2019-06-21 00:12:13,612 [DEBUG] [main] com.ddc.server.mapper.DDCMessageMapper.insert [BaseJdbcLogger.java : 159] ==> Parameters: user17(String), 0(Integer), 12345678900(Long), hello@qq.com(String), 无(String), 北进市海淀区(String), 无(String), 0(Integer), 0(Integer), 0(Long), 1561047133610(Long), 0(Long), 1561047133610(Long), 0(Integer)
2019-06-21 00:12:13,662 [DEBUG] [main] com.ddc.server.mapper.DDCMessageMapper.insert [BaseJdbcLogger.java : 159] <==    Updates: 1
2019-06-21 00:12:13,664 [DEBUG] [main] com.ddc.server.mapper.DDCMessageMapper.insert [BaseJdbcLogger.java : 159] ==>  Preparing: INSERT INTO ddc_message ( username, sex, mobile, email, `path`, city, remark, `state`, operate, create_by, create_time, update_by, update_time, del_flag ) VALUES ( ?, ?, ?, ?, ?, ?, ?, ?, ?, ?, ?, ?, ?, ? ) 
2019-06-21 00:12:13,666 [DEBUG] [main] com.ddc.server.mapper.DDCMessageMapper.insert [BaseJdbcLogger.java : 159] ==> Parameters: user18(String), 0(Integer), 12345678900(Long), hello@qq.com(String), 无(String), 北进市海淀区(String), 无(String), 0(Integer), 0(Integer), 0(Long), 1561047133662(Long), 0(Long), 1561047133662(Long), 0(Integer)
2019-06-21 00:12:13,716 [DEBUG] [main] com.ddc.server.mapper.DDCMessageMapper.insert [BaseJdbcLogger.java : 159] <==    Updates: 1
2019-06-21 00:12:13,718 [DEBUG] [main] com.ddc.server.mapper.DDCMessageMapper.insert [BaseJdbcLogger.java : 159] ==>  Preparing: INSERT INTO ddc_message ( username, sex, mobile, email, `path`, city, remark, `state`, operate, create_by, create_time, update_by, update_time, del_flag ) VALUES ( ?, ?, ?, ?, ?, ?, ?, ?, ?, ?, ?, ?, ?, ? ) 
2019-06-21 00:12:13,719 [DEBUG] [main] com.ddc.server.mapper.DDCMessageMapper.insert [BaseJdbcLogger.java : 159] ==> Parameters: user19(String), 0(Integer), 12345678900(Long), hello@qq.com(String), 无(String), 北进市海淀区(String), 无(String), 0(Integer), 0(Integer), 0(Long), 1561047133717(Long), 0(Long), 1561047133717(Long), 0(Integer)
2019-06-21 00:12:13,786 [DEBUG] [main] com.ddc.server.mapper.DDCMessageMapper.insert [BaseJdbcLogger.java : 159] <==    Updates: 1
2019-06-21 00:12:13,837 [INFO] [Thread-2] o.s.scheduling.concurrent.ThreadPoolTaskExecutor [ExecutorConfigurationSupport.java : 208] Shutting down ExecutorService 'taskAsyncPool'
2019-06-21 00:12:13,838 [INFO] [Thread-2] o.s.scheduling.concurrent.ThreadPoolTaskExecutor [ExecutorConfigurationSupport.java : 208] Shutting down ExecutorService 'taskExecutor'
2019-06-21 00:12:13,850 [INFO] [Thread-2] com.alibaba.druid.pool.DruidDataSource [DruidDataSource.java : 1712] {dataSource-1} closed
2019-06-21 00:18:51,889 [INFO] [main] com.ddc.server.mapper.DDCMessageMapperTest [StartupInfoLogger.java : 50] Starting DDCMessageMapperTest on DESKTOP-QRQVV9S with PID 6088 (started by pc in F:\ddc-parent\ddc_server)
2019-06-21 00:18:51,892 [DEBUG] [main] com.ddc.server.mapper.DDCMessageMapperTest [StartupInfoLogger.java : 53] Running with Spring Boot v2.1.5.RELEASE, Spring v5.1.7.RELEASE
2019-06-21 00:18:51,894 [INFO] [main] com.ddc.server.mapper.DDCMessageMapperTest [SpringApplication.java : 675] No active profile set, falling back to default profiles: default
2019-06-21 00:18:56,525 [INFO] [main] o.s.c.s.PostProcessorRegistrationDelegate$BeanPostProcessorChecker [PostProcessorRegistrationDelegate.java : 330] Bean 'transactionalConfig' of type [com.ddc.server.config.db.TransactionalConfig$$EnhancerBySpringCGLIB$$f3d4c72a] is not eligible for getting processed by all BeanPostProcessors (for example: not eligible for auto-proxying)
2019-06-21 00:18:57,384 [INFO] [main] o.s.c.s.PostProcessorRegistrationDelegate$BeanPostProcessorChecker [PostProcessorRegistrationDelegate.java : 330] Bean 'org.springframework.transaction.annotation.ProxyTransactionManagementConfiguration' of type [org.springframework.transaction.annotation.ProxyTransactionManagementConfiguration$$EnhancerBySpringCGLIB$$145b36f1] is not eligible for getting processed by all BeanPostProcessors (for example: not eligible for auto-proxying)
2019-06-21 00:18:57,459 [INFO] [main] o.s.c.s.PostProcessorRegistrationDelegate$BeanPostProcessorChecker [PostProcessorRegistrationDelegate.java : 330] Bean 'shiroConfig' of type [com.ddc.server.shiro.ShiroConfig$$EnhancerBySpringCGLIB$$a5fe16b9] is not eligible for getting processed by all BeanPostProcessors (for example: not eligible for auto-proxying)
2019-06-21 00:18:57,496 [INFO] [main] o.s.c.s.PostProcessorRegistrationDelegate$BeanPostProcessorChecker [PostProcessorRegistrationDelegate.java : 330] Bean 'hashedCredentialsMatcher' of type [org.apache.shiro.authc.credential.HashedCredentialsMatcher] is not eligible for getting processed by all BeanPostProcessors (for example: not eligible for auto-proxying)
2019-06-21 00:18:57,531 [INFO] [main] o.s.c.s.PostProcessorRegistrationDelegate$BeanPostProcessorChecker [PostProcessorRegistrationDelegate.java : 330] Bean 'myRealm' of type [com.ddc.server.shiro.MyRealm] is not eligible for getting processed by all BeanPostProcessors (for example: not eligible for auto-proxying)
2019-06-21 00:18:58,260 [INFO] [main] o.s.c.s.PostProcessorRegistrationDelegate$BeanPostProcessorChecker [PostProcessorRegistrationDelegate.java : 330] Bean 'securityManager' of type [org.apache.shiro.web.mgt.DefaultWebSecurityManager] is not eligible for getting processed by all BeanPostProcessors (for example: not eligible for auto-proxying)
2019-06-21 00:18:58,304 [INFO] [main] o.s.c.s.PostProcessorRegistrationDelegate$BeanPostProcessorChecker [PostProcessorRegistrationDelegate.java : 330] Bean 'org.springframework.hateoas.config.HateoasConfiguration' of type [org.springframework.hateoas.config.HateoasConfiguration$$EnhancerBySpringCGLIB$$93db8423] is not eligible for getting processed by all BeanPostProcessors (for example: not eligible for auto-proxying)
2019-06-21 00:19:01,401 [INFO] [main] com.alibaba.druid.pool.DruidDataSource [DruidDataSource.java : 932] {dataSource-1} inited
2019-06-21 00:19:03,192 [INFO] [main] o.s.scheduling.concurrent.ThreadPoolTaskExecutor [ExecutorConfigurationSupport.java : 171] Initializing ExecutorService 'taskExecutor'
2019-06-21 00:19:03,253 [INFO] [main] o.s.scheduling.concurrent.ThreadPoolTaskExecutor [ExecutorConfigurationSupport.java : 171] Initializing ExecutorService
2019-06-21 00:19:03,255 [INFO] [main] o.s.scheduling.concurrent.ThreadPoolTaskExecutor [ExecutorConfigurationSupport.java : 171] Initializing ExecutorService 'taskAsyncPool'
2019-06-21 00:19:06,093 [INFO] [main] o.s.boot.autoconfigure.web.servlet.WelcomePageHandlerMapping [WelcomePageHandlerMapping.java : 61] Adding welcome page template: index
2019-06-21 00:19:07,215 [INFO] [main] com.ddc.server.mapper.DDCMessageMapperTest [StartupInfoLogger.java : 59] Started DDCMessageMapperTest in 16.412 seconds (JVM running for 20.999)
2019-06-21 00:19:07,243 [INFO] [main] com.ddc.server.config.web.PassUrlScanner [PassUrlScanner.java : 39] @Pass:[Constant.URLInfo(url=/index, className=com.ddc.server.controller.IndexController, pass=true, method=index, methodType=org.springframework.web.bind.annotation.RequestMapping)]
2019-06-21 00:19:07,244 [INFO] [main] com.ddc.server.config.web.PassUrlScanner [PassUrlScanner.java : 40] @Pass size:1
2019-06-21 00:19:09,119 [DEBUG] [main] com.ddc.server.mapper.DDCMessageMapper.insert [BaseJdbcLogger.java : 159] ==>  Preparing: INSERT INTO ddc_message ( username, sex, mobile, email, `path`, city, remark, `state`, operate, create_by, create_time, update_by, update_time, del_flag ) VALUES ( ?, ?, ?, ?, ?, ?, ?, ?, ?, ?, ?, ?, ?, ? ) 
2019-06-21 00:19:09,715 [DEBUG] [main] com.ddc.server.mapper.DDCMessageMapper.insert [BaseJdbcLogger.java : 159] ==> Parameters: user0(String), 0(Integer), 12345678900(Long), hello@qq.com(String), 无(String), 北进市海淀区(String), 无(String), 0(Integer), 0(Integer), 0(Long), 1561047548837(Long), 0(Long), 1561047548837(Long), 0(Integer)
2019-06-21 00:19:09,792 [DEBUG] [main] com.ddc.server.mapper.DDCMessageMapper.insert [BaseJdbcLogger.java : 159] <==    Updates: 1
2019-06-21 00:19:09,840 [DEBUG] [main] com.ddc.server.mapper.DDCMessageMapper.insert [BaseJdbcLogger.java : 159] ==>  Preparing: INSERT INTO ddc_message ( username, sex, mobile, email, `path`, city, remark, `state`, operate, create_by, create_time, update_by, update_time, del_flag ) VALUES ( ?, ?, ?, ?, ?, ?, ?, ?, ?, ?, ?, ?, ?, ? ) 
2019-06-21 00:19:09,842 [DEBUG] [main] com.ddc.server.mapper.DDCMessageMapper.insert [BaseJdbcLogger.java : 159] ==> Parameters: user1(String), 0(Integer), 12345678900(Long), hello@qq.com(String), 无(String), 北进市海淀区(String), 无(String), 0(Integer), 0(Integer), 0(Long), 1561047549838(Long), 0(Long), 1561047549838(Long), 0(Integer)
2019-06-21 00:19:09,881 [DEBUG] [main] com.ddc.server.mapper.DDCMessageMapper.insert [BaseJdbcLogger.java : 159] <==    Updates: 1
2019-06-21 00:19:09,885 [DEBUG] [main] com.ddc.server.mapper.DDCMessageMapper.insert [BaseJdbcLogger.java : 159] ==>  Preparing: INSERT INTO ddc_message ( username, sex, mobile, email, `path`, city, remark, `state`, operate, create_by, create_time, update_by, update_time, del_flag ) VALUES ( ?, ?, ?, ?, ?, ?, ?, ?, ?, ?, ?, ?, ?, ? ) 
2019-06-21 00:19:09,887 [DEBUG] [main] com.ddc.server.mapper.DDCMessageMapper.insert [BaseJdbcLogger.java : 159] ==> Parameters: user2(String), 0(Integer), 12345678900(Long), hello@qq.com(String), 无(String), 北进市海淀区(String), 无(String), 0(Integer), 0(Integer), 0(Long), 1561047549882(Long), 0(Long), 1561047549882(Long), 0(Integer)
2019-06-21 00:19:09,927 [DEBUG] [main] com.ddc.server.mapper.DDCMessageMapper.insert [BaseJdbcLogger.java : 159] <==    Updates: 1
2019-06-21 00:19:09,930 [DEBUG] [main] com.ddc.server.mapper.DDCMessageMapper.insert [BaseJdbcLogger.java : 159] ==>  Preparing: INSERT INTO ddc_message ( username, sex, mobile, email, `path`, city, remark, `state`, operate, create_by, create_time, update_by, update_time, del_flag ) VALUES ( ?, ?, ?, ?, ?, ?, ?, ?, ?, ?, ?, ?, ?, ? ) 
2019-06-21 00:19:09,935 [DEBUG] [main] com.ddc.server.mapper.DDCMessageMapper.insert [BaseJdbcLogger.java : 159] ==> Parameters: user3(String), 0(Integer), 12345678900(Long), hello@qq.com(String), 无(String), 北进市海淀区(String), 无(String), 0(Integer), 0(Integer), 0(Long), 1561047549928(Long), 0(Long), 1561047549928(Long), 0(Integer)
2019-06-21 00:19:09,982 [DEBUG] [main] com.ddc.server.mapper.DDCMessageMapper.insert [BaseJdbcLogger.java : 159] <==    Updates: 1
2019-06-21 00:19:09,985 [DEBUG] [main] com.ddc.server.mapper.DDCMessageMapper.insert [BaseJdbcLogger.java : 159] ==>  Preparing: INSERT INTO ddc_message ( username, sex, mobile, email, `path`, city, remark, `state`, operate, create_by, create_time, update_by, update_time, del_flag ) VALUES ( ?, ?, ?, ?, ?, ?, ?, ?, ?, ?, ?, ?, ?, ? ) 
2019-06-21 00:19:09,986 [DEBUG] [main] com.ddc.server.mapper.DDCMessageMapper.insert [BaseJdbcLogger.java : 159] ==> Parameters: user4(String), 0(Integer), 12345678900(Long), hello@qq.com(String), 无(String), 北进市海淀区(String), 无(String), 0(Integer), 0(Integer), 0(Long), 1561047549983(Long), 0(Long), 1561047549983(Long), 0(Integer)
2019-06-21 00:19:10,016 [DEBUG] [main] com.ddc.server.mapper.DDCMessageMapper.insert [BaseJdbcLogger.java : 159] <==    Updates: 1
2019-06-21 00:19:10,024 [DEBUG] [main] com.ddc.server.mapper.DDCMessageMapper.insert [BaseJdbcLogger.java : 159] ==>  Preparing: INSERT INTO ddc_message ( username, sex, mobile, email, `path`, city, remark, `state`, operate, create_by, create_time, update_by, update_time, del_flag ) VALUES ( ?, ?, ?, ?, ?, ?, ?, ?, ?, ?, ?, ?, ?, ? ) 
2019-06-21 00:19:10,025 [DEBUG] [main] com.ddc.server.mapper.DDCMessageMapper.insert [BaseJdbcLogger.java : 159] ==> Parameters: user5(String), 0(Integer), 12345678900(Long), hello@qq.com(String), 无(String), 北进市海淀区(String), 无(String), 0(Integer), 0(Integer), 0(Long), 1561047550017(Long), 0(Long), 1561047550017(Long), 0(Integer)
2019-06-21 00:19:10,093 [DEBUG] [main] com.ddc.server.mapper.DDCMessageMapper.insert [BaseJdbcLogger.java : 159] <==    Updates: 1
2019-06-21 00:19:10,097 [DEBUG] [main] com.ddc.server.mapper.DDCMessageMapper.insert [BaseJdbcLogger.java : 159] ==>  Preparing: INSERT INTO ddc_message ( username, sex, mobile, email, `path`, city, remark, `state`, operate, create_by, create_time, update_by, update_time, del_flag ) VALUES ( ?, ?, ?, ?, ?, ?, ?, ?, ?, ?, ?, ?, ?, ? ) 
2019-06-21 00:19:10,099 [DEBUG] [main] com.ddc.server.mapper.DDCMessageMapper.insert [BaseJdbcLogger.java : 159] ==> Parameters: user6(String), 0(Integer), 12345678900(Long), hello@qq.com(String), 无(String), 北进市海淀区(String), 无(String), 0(Integer), 0(Integer), 0(Long), 1561047550095(Long), 0(Long), 1561047550095(Long), 0(Integer)
2019-06-21 00:19:10,149 [DEBUG] [main] com.ddc.server.mapper.DDCMessageMapper.insert [BaseJdbcLogger.java : 159] <==    Updates: 1
2019-06-21 00:19:10,151 [DEBUG] [main] com.ddc.server.mapper.DDCMessageMapper.insert [BaseJdbcLogger.java : 159] ==>  Preparing: INSERT INTO ddc_message ( username, sex, mobile, email, `path`, city, remark, `state`, operate, create_by, create_time, update_by, update_time, del_flag ) VALUES ( ?, ?, ?, ?, ?, ?, ?, ?, ?, ?, ?, ?, ?, ? ) 
2019-06-21 00:19:10,152 [DEBUG] [main] com.ddc.server.mapper.DDCMessageMapper.insert [BaseJdbcLogger.java : 159] ==> Parameters: user7(String), 0(Integer), 12345678900(Long), hello@qq.com(String), 无(String), 北进市海淀区(String), 无(String), 0(Integer), 0(Integer), 0(Long), 1561047550150(Long), 0(Long), 1561047550150(Long), 0(Integer)
2019-06-21 00:19:10,256 [DEBUG] [main] com.ddc.server.mapper.DDCMessageMapper.insert [BaseJdbcLogger.java : 159] <==    Updates: 1
2019-06-21 00:19:10,258 [DEBUG] [main] com.ddc.server.mapper.DDCMessageMapper.insert [BaseJdbcLogger.java : 159] ==>  Preparing: INSERT INTO ddc_message ( username, sex, mobile, email, `path`, city, remark, `state`, operate, create_by, create_time, update_by, update_time, del_flag ) VALUES ( ?, ?, ?, ?, ?, ?, ?, ?, ?, ?, ?, ?, ?, ? ) 
2019-06-21 00:19:10,259 [DEBUG] [main] com.ddc.server.mapper.DDCMessageMapper.insert [BaseJdbcLogger.java : 159] ==> Parameters: user8(String), 0(Integer), 12345678900(Long), hello@qq.com(String), 无(String), 北进市海淀区(String), 无(String), 0(Integer), 0(Integer), 0(Long), 1561047550257(Long), 0(Long), 1561047550257(Long), 0(Integer)
2019-06-21 00:19:10,378 [DEBUG] [main] com.ddc.server.mapper.DDCMessageMapper.insert [BaseJdbcLogger.java : 159] <==    Updates: 1
2019-06-21 00:19:10,381 [DEBUG] [main] com.ddc.server.mapper.DDCMessageMapper.insert [BaseJdbcLogger.java : 159] ==>  Preparing: INSERT INTO ddc_message ( username, sex, mobile, email, `path`, city, remark, `state`, operate, create_by, create_time, update_by, update_time, del_flag ) VALUES ( ?, ?, ?, ?, ?, ?, ?, ?, ?, ?, ?, ?, ?, ? ) 
2019-06-21 00:19:10,383 [DEBUG] [main] com.ddc.server.mapper.DDCMessageMapper.insert [BaseJdbcLogger.java : 159] ==> Parameters: user9(String), 0(Integer), 12345678900(Long), hello@qq.com(String), 无(String), 北进市海淀区(String), 无(String), 0(Integer), 0(Integer), 0(Long), 1561047550379(Long), 0(Long), 1561047550379(Long), 0(Integer)
2019-06-21 00:19:10,536 [DEBUG] [main] com.ddc.server.mapper.DDCMessageMapper.insert [BaseJdbcLogger.java : 159] <==    Updates: 1
2019-06-21 00:19:10,538 [DEBUG] [main] com.ddc.server.mapper.DDCMessageMapper.insert [BaseJdbcLogger.java : 159] ==>  Preparing: INSERT INTO ddc_message ( username, sex, mobile, email, `path`, city, remark, `state`, operate, create_by, create_time, update_by, update_time, del_flag ) VALUES ( ?, ?, ?, ?, ?, ?, ?, ?, ?, ?, ?, ?, ?, ? ) 
2019-06-21 00:19:10,539 [DEBUG] [main] com.ddc.server.mapper.DDCMessageMapper.insert [BaseJdbcLogger.java : 159] ==> Parameters: user10(String), 0(Integer), 12345678900(Long), hello@qq.com(String), 无(String), 北进市海淀区(String), 无(String), 0(Integer), 0(Integer), 0(Long), 1561047550537(Long), 0(Long), 1561047550537(Long), 0(Integer)
2019-06-21 00:19:10,840 [DEBUG] [main] com.ddc.server.mapper.DDCMessageMapper.insert [BaseJdbcLogger.java : 159] <==    Updates: 1
2019-06-21 00:19:10,842 [DEBUG] [main] com.ddc.server.mapper.DDCMessageMapper.insert [BaseJdbcLogger.java : 159] ==>  Preparing: INSERT INTO ddc_message ( username, sex, mobile, email, `path`, city, remark, `state`, operate, create_by, create_time, update_by, update_time, del_flag ) VALUES ( ?, ?, ?, ?, ?, ?, ?, ?, ?, ?, ?, ?, ?, ? ) 
2019-06-21 00:19:10,844 [DEBUG] [main] com.ddc.server.mapper.DDCMessageMapper.insert [BaseJdbcLogger.java : 159] ==> Parameters: user11(String), 0(Integer), 12345678900(Long), hello@qq.com(String), 无(String), 北进市海淀区(String), 无(String), 0(Integer), 0(Integer), 0(Long), 1561047550841(Long), 0(Long), 1561047550841(Long), 0(Integer)
2019-06-21 00:19:11,023 [DEBUG] [main] com.ddc.server.mapper.DDCMessageMapper.insert [BaseJdbcLogger.java : 159] <==    Updates: 1
2019-06-21 00:19:11,025 [DEBUG] [main] com.ddc.server.mapper.DDCMessageMapper.insert [BaseJdbcLogger.java : 159] ==>  Preparing: INSERT INTO ddc_message ( username, sex, mobile, email, `path`, city, remark, `state`, operate, create_by, create_time, update_by, update_time, del_flag ) VALUES ( ?, ?, ?, ?, ?, ?, ?, ?, ?, ?, ?, ?, ?, ? ) 
2019-06-21 00:19:11,026 [DEBUG] [main] com.ddc.server.mapper.DDCMessageMapper.insert [BaseJdbcLogger.java : 159] ==> Parameters: user12(String), 0(Integer), 12345678900(Long), hello@qq.com(String), 无(String), 北进市海淀区(String), 无(String), 0(Integer), 0(Integer), 0(Long), 1561047551024(Long), 0(Long), 1561047551024(Long), 0(Integer)
2019-06-21 00:19:11,144 [DEBUG] [main] com.ddc.server.mapper.DDCMessageMapper.insert [BaseJdbcLogger.java : 159] <==    Updates: 1
2019-06-21 00:19:11,147 [DEBUG] [main] com.ddc.server.mapper.DDCMessageMapper.insert [BaseJdbcLogger.java : 159] ==>  Preparing: INSERT INTO ddc_message ( username, sex, mobile, email, `path`, city, remark, `state`, operate, create_by, create_time, update_by, update_time, del_flag ) VALUES ( ?, ?, ?, ?, ?, ?, ?, ?, ?, ?, ?, ?, ?, ? ) 
2019-06-21 00:19:11,150 [DEBUG] [main] com.ddc.server.mapper.DDCMessageMapper.insert [BaseJdbcLogger.java : 159] ==> Parameters: user13(String), 0(Integer), 12345678900(Long), hello@qq.com(String), 无(String), 北进市海淀区(String), 无(String), 0(Integer), 0(Integer), 0(Long), 1561047551146(Long), 0(Long), 1561047551146(Long), 0(Integer)
2019-06-21 00:19:11,940 [DEBUG] [main] com.ddc.server.mapper.DDCMessageMapper.insert [BaseJdbcLogger.java : 159] <==    Updates: 1
2019-06-21 00:19:11,942 [DEBUG] [main] com.ddc.server.mapper.DDCMessageMapper.insert [BaseJdbcLogger.java : 159] ==>  Preparing: INSERT INTO ddc_message ( username, sex, mobile, email, `path`, city, remark, `state`, operate, create_by, create_time, update_by, update_time, del_flag ) VALUES ( ?, ?, ?, ?, ?, ?, ?, ?, ?, ?, ?, ?, ?, ? ) 
2019-06-21 00:19:11,943 [DEBUG] [main] com.ddc.server.mapper.DDCMessageMapper.insert [BaseJdbcLogger.java : 159] ==> Parameters: user14(String), 0(Integer), 12345678900(Long), hello@qq.com(String), 无(String), 北进市海淀区(String), 无(String), 0(Integer), 0(Integer), 0(Long), 1561047551941(Long), 0(Long), 1561047551941(Long), 0(Integer)
2019-06-21 00:19:12,223 [DEBUG] [main] com.ddc.server.mapper.DDCMessageMapper.insert [BaseJdbcLogger.java : 159] <==    Updates: 1
2019-06-21 00:19:12,226 [DEBUG] [main] com.ddc.server.mapper.DDCMessageMapper.insert [BaseJdbcLogger.java : 159] ==>  Preparing: INSERT INTO ddc_message ( username, sex, mobile, email, `path`, city, remark, `state`, operate, create_by, create_time, update_by, update_time, del_flag ) VALUES ( ?, ?, ?, ?, ?, ?, ?, ?, ?, ?, ?, ?, ?, ? ) 
2019-06-21 00:19:12,229 [DEBUG] [main] com.ddc.server.mapper.DDCMessageMapper.insert [BaseJdbcLogger.java : 159] ==> Parameters: user15(String), 0(Integer), 12345678900(Long), hello@qq.com(String), 无(String), 北进市海淀区(String), 无(String), 0(Integer), 0(Integer), 0(Long), 1561047552224(Long), 0(Long), 1561047552224(Long), 0(Integer)
2019-06-21 00:19:12,436 [DEBUG] [main] com.ddc.server.mapper.DDCMessageMapper.insert [BaseJdbcLogger.java : 159] <==    Updates: 1
2019-06-21 00:19:12,443 [DEBUG] [main] com.ddc.server.mapper.DDCMessageMapper.insert [BaseJdbcLogger.java : 159] ==>  Preparing: INSERT INTO ddc_message ( username, sex, mobile, email, `path`, city, remark, `state`, operate, create_by, create_time, update_by, update_time, del_flag ) VALUES ( ?, ?, ?, ?, ?, ?, ?, ?, ?, ?, ?, ?, ?, ? ) 
2019-06-21 00:19:12,444 [DEBUG] [main] com.ddc.server.mapper.DDCMessageMapper.insert [BaseJdbcLogger.java : 159] ==> Parameters: user16(String), 0(Integer), 12345678900(Long), hello@qq.com(String), 无(String), 北进市海淀区(String), 无(String), 0(Integer), 0(Integer), 0(Long), 1561047552441(Long), 0(Long), 1561047552441(Long), 0(Integer)
2019-06-21 00:19:12,706 [DEBUG] [main] com.ddc.server.mapper.DDCMessageMapper.insert [BaseJdbcLogger.java : 159] <==    Updates: 1
2019-06-21 00:19:12,708 [DEBUG] [main] com.ddc.server.mapper.DDCMessageMapper.insert [BaseJdbcLogger.java : 159] ==>  Preparing: INSERT INTO ddc_message ( username, sex, mobile, email, `path`, city, remark, `state`, operate, create_by, create_time, update_by, update_time, del_flag ) VALUES ( ?, ?, ?, ?, ?, ?, ?, ?, ?, ?, ?, ?, ?, ? ) 
2019-06-21 00:19:12,709 [DEBUG] [main] com.ddc.server.mapper.DDCMessageMapper.insert [BaseJdbcLogger.java : 159] ==> Parameters: user17(String), 0(Integer), 12345678900(Long), hello@qq.com(String), 无(String), 北进市海淀区(String), 无(String), 0(Integer), 0(Integer), 0(Long), 1561047552707(Long), 0(Long), 1561047552707(Long), 0(Integer)
2019-06-21 00:19:12,874 [DEBUG] [main] com.ddc.server.mapper.DDCMessageMapper.insert [BaseJdbcLogger.java : 159] <==    Updates: 1
2019-06-21 00:19:12,877 [DEBUG] [main] com.ddc.server.mapper.DDCMessageMapper.insert [BaseJdbcLogger.java : 159] ==>  Preparing: INSERT INTO ddc_message ( username, sex, mobile, email, `path`, city, remark, `state`, operate, create_by, create_time, update_by, update_time, del_flag ) VALUES ( ?, ?, ?, ?, ?, ?, ?, ?, ?, ?, ?, ?, ?, ? ) 
2019-06-21 00:19:12,878 [DEBUG] [main] com.ddc.server.mapper.DDCMessageMapper.insert [BaseJdbcLogger.java : 159] ==> Parameters: user18(String), 0(Integer), 12345678900(Long), hello@qq.com(String), 无(String), 北进市海淀区(String), 无(String), 0(Integer), 0(Integer), 0(Long), 1561047552875(Long), 0(Long), 1561047552875(Long), 0(Integer)
2019-06-21 00:19:13,097 [DEBUG] [main] com.ddc.server.mapper.DDCMessageMapper.insert [BaseJdbcLogger.java : 159] <==    Updates: 1
2019-06-21 00:19:13,099 [DEBUG] [main] com.ddc.server.mapper.DDCMessageMapper.insert [BaseJdbcLogger.java : 159] ==>  Preparing: INSERT INTO ddc_message ( username, sex, mobile, email, `path`, city, remark, `state`, operate, create_by, create_time, update_by, update_time, del_flag ) VALUES ( ?, ?, ?, ?, ?, ?, ?, ?, ?, ?, ?, ?, ?, ? ) 
2019-06-21 00:19:13,101 [DEBUG] [main] com.ddc.server.mapper.DDCMessageMapper.insert [BaseJdbcLogger.java : 159] ==> Parameters: user19(String), 0(Integer), 12345678900(Long), hello@qq.com(String), 无(String), 北进市海淀区(String), 无(String), 0(Integer), 0(Integer), 0(Long), 1561047553098(Long), 0(Long), 1561047553098(Long), 0(Integer)
2019-06-21 00:19:13,237 [DEBUG] [main] com.ddc.server.mapper.DDCMessageMapper.insert [BaseJdbcLogger.java : 159] <==    Updates: 1
2019-06-21 00:19:13,312 [INFO] [Thread-2] o.s.scheduling.concurrent.ThreadPoolTaskExecutor [ExecutorConfigurationSupport.java : 208] Shutting down ExecutorService 'taskAsyncPool'
2019-06-21 00:19:13,313 [INFO] [Thread-2] o.s.scheduling.concurrent.ThreadPoolTaskExecutor [ExecutorConfigurationSupport.java : 208] Shutting down ExecutorService 'taskExecutor'
2019-06-21 00:19:13,323 [INFO] [Thread-2] com.alibaba.druid.pool.DruidDataSource [DruidDataSource.java : 1712] {dataSource-1} closed
2019-06-21 00:25:08,943 [INFO] [main] com.ddc.server.mapper.DDCMessageMapperTest [StartupInfoLogger.java : 50] Starting DDCMessageMapperTest on DESKTOP-QRQVV9S with PID 7036 (started by pc in F:\ddc-parent\ddc_server)
2019-06-21 00:25:08,947 [DEBUG] [main] com.ddc.server.mapper.DDCMessageMapperTest [StartupInfoLogger.java : 53] Running with Spring Boot v2.1.5.RELEASE, Spring v5.1.7.RELEASE
2019-06-21 00:25:08,948 [INFO] [main] com.ddc.server.mapper.DDCMessageMapperTest [SpringApplication.java : 675] No active profile set, falling back to default profiles: default
2019-06-21 00:25:13,958 [INFO] [main] o.s.c.s.PostProcessorRegistrationDelegate$BeanPostProcessorChecker [PostProcessorRegistrationDelegate.java : 330] Bean 'transactionalConfig' of type [com.ddc.server.config.db.TransactionalConfig$$EnhancerBySpringCGLIB$$e31de841] is not eligible for getting processed by all BeanPostProcessors (for example: not eligible for auto-proxying)
2019-06-21 00:25:14,251 [INFO] [main] o.s.c.s.PostProcessorRegistrationDelegate$BeanPostProcessorChecker [PostProcessorRegistrationDelegate.java : 330] Bean 'org.springframework.transaction.annotation.ProxyTransactionManagementConfiguration' of type [org.springframework.transaction.annotation.ProxyTransactionManagementConfiguration$$EnhancerBySpringCGLIB$$3a45808] is not eligible for getting processed by all BeanPostProcessors (for example: not eligible for auto-proxying)
2019-06-21 00:25:14,339 [INFO] [main] o.s.c.s.PostProcessorRegistrationDelegate$BeanPostProcessorChecker [PostProcessorRegistrationDelegate.java : 330] Bean 'shiroConfig' of type [com.ddc.server.shiro.ShiroConfig$$EnhancerBySpringCGLIB$$954737d0] is not eligible for getting processed by all BeanPostProcessors (for example: not eligible for auto-proxying)
2019-06-21 00:25:14,389 [INFO] [main] o.s.c.s.PostProcessorRegistrationDelegate$BeanPostProcessorChecker [PostProcessorRegistrationDelegate.java : 330] Bean 'hashedCredentialsMatcher' of type [org.apache.shiro.authc.credential.HashedCredentialsMatcher] is not eligible for getting processed by all BeanPostProcessors (for example: not eligible for auto-proxying)
2019-06-21 00:25:14,425 [INFO] [main] o.s.c.s.PostProcessorRegistrationDelegate$BeanPostProcessorChecker [PostProcessorRegistrationDelegate.java : 330] Bean 'myRealm' of type [com.ddc.server.shiro.MyRealm] is not eligible for getting processed by all BeanPostProcessors (for example: not eligible for auto-proxying)
2019-06-21 00:25:15,156 [INFO] [main] o.s.c.s.PostProcessorRegistrationDelegate$BeanPostProcessorChecker [PostProcessorRegistrationDelegate.java : 330] Bean 'securityManager' of type [org.apache.shiro.web.mgt.DefaultWebSecurityManager] is not eligible for getting processed by all BeanPostProcessors (for example: not eligible for auto-proxying)
2019-06-21 00:25:15,240 [INFO] [main] o.s.c.s.PostProcessorRegistrationDelegate$BeanPostProcessorChecker [PostProcessorRegistrationDelegate.java : 330] Bean 'org.springframework.hateoas.config.HateoasConfiguration' of type [org.springframework.hateoas.config.HateoasConfiguration$$EnhancerBySpringCGLIB$$8324a53a] is not eligible for getting processed by all BeanPostProcessors (for example: not eligible for auto-proxying)
2019-06-21 00:25:18,250 [INFO] [main] com.alibaba.druid.pool.DruidDataSource [DruidDataSource.java : 932] {dataSource-1} inited
2019-06-21 00:25:20,577 [INFO] [main] o.s.scheduling.concurrent.ThreadPoolTaskExecutor [ExecutorConfigurationSupport.java : 171] Initializing ExecutorService 'taskExecutor'
2019-06-21 00:25:20,588 [INFO] [main] o.s.scheduling.concurrent.ThreadPoolTaskExecutor [ExecutorConfigurationSupport.java : 171] Initializing ExecutorService
2019-06-21 00:25:20,590 [INFO] [main] o.s.scheduling.concurrent.ThreadPoolTaskExecutor [ExecutorConfigurationSupport.java : 171] Initializing ExecutorService 'taskAsyncPool'
2019-06-21 00:25:23,028 [INFO] [main] o.s.boot.autoconfigure.web.servlet.WelcomePageHandlerMapping [WelcomePageHandlerMapping.java : 61] Adding welcome page template: index
2019-06-21 00:25:24,393 [INFO] [main] com.ddc.server.mapper.DDCMessageMapperTest [StartupInfoLogger.java : 59] Started DDCMessageMapperTest in 16.495 seconds (JVM running for 20.121)
2019-06-21 00:25:24,528 [INFO] [main] com.ddc.server.config.web.PassUrlScanner [PassUrlScanner.java : 39] @Pass:[Constant.URLInfo(url=/index, className=com.ddc.server.controller.IndexController, pass=true, method=index, methodType=org.springframework.web.bind.annotation.RequestMapping)]
2019-06-21 00:25:24,529 [INFO] [main] com.ddc.server.config.web.PassUrlScanner [PassUrlScanner.java : 40] @Pass size:1
2019-06-21 00:25:25,737 [DEBUG] [main] com.ddc.server.mapper.DDCMessageMapper.insert [BaseJdbcLogger.java : 159] ==>  Preparing: INSERT INTO ddc_message ( username, sex, mobile, email, `path`, city, remark, `state`, operate, create_by, create_time, update_by, update_time, del_flag ) VALUES ( ?, ?, ?, ?, ?, ?, ?, ?, ?, ?, ?, ?, ?, ? ) 
2019-06-21 00:25:26,104 [DEBUG] [main] com.ddc.server.mapper.DDCMessageMapper.insert [BaseJdbcLogger.java : 159] ==> Parameters: user0(String), 0(Integer), 12345678900(Long), hello@qq.com(String), 无(String), 北进市海淀区(String), 无(String), 0(Integer), 0(Integer), 0(Long), 1561047925537(Long), 0(Long), 1561047925537(Long), 0(Integer)
2019-06-21 00:25:26,184 [DEBUG] [main] com.ddc.server.mapper.DDCMessageMapper.insert [BaseJdbcLogger.java : 159] <==    Updates: 1
2019-06-21 00:25:26,218 [DEBUG] [main] com.ddc.server.mapper.DDCMessageMapper.insert [BaseJdbcLogger.java : 159] ==>  Preparing: INSERT INTO ddc_message ( username, sex, mobile, email, `path`, city, remark, `state`, operate, create_by, create_time, update_by, update_time, del_flag ) VALUES ( ?, ?, ?, ?, ?, ?, ?, ?, ?, ?, ?, ?, ?, ? ) 
2019-06-21 00:25:26,220 [DEBUG] [main] com.ddc.server.mapper.DDCMessageMapper.insert [BaseJdbcLogger.java : 159] ==> Parameters: user1(String), 0(Integer), 12345678900(Long), hello@qq.com(String), 无(String), 北进市海淀区(String), 无(String), 0(Integer), 0(Integer), 0(Long), 1561047926216(Long), 0(Long), 1561047926216(Long), 0(Integer)
2019-06-21 00:25:26,261 [DEBUG] [main] com.ddc.server.mapper.DDCMessageMapper.insert [BaseJdbcLogger.java : 159] <==    Updates: 1
2019-06-21 00:25:26,265 [DEBUG] [main] com.ddc.server.mapper.DDCMessageMapper.insert [BaseJdbcLogger.java : 159] ==>  Preparing: INSERT INTO ddc_message ( username, sex, mobile, email, `path`, city, remark, `state`, operate, create_by, create_time, update_by, update_time, del_flag ) VALUES ( ?, ?, ?, ?, ?, ?, ?, ?, ?, ?, ?, ?, ?, ? ) 
2019-06-21 00:25:26,267 [DEBUG] [main] com.ddc.server.mapper.DDCMessageMapper.insert [BaseJdbcLogger.java : 159] ==> Parameters: user2(String), 0(Integer), 12345678900(Long), hello@qq.com(String), 无(String), 北进市海淀区(String), 无(String), 0(Integer), 0(Integer), 0(Long), 1561047926263(Long), 0(Long), 1561047926263(Long), 0(Integer)
2019-06-21 00:25:26,317 [DEBUG] [main] com.ddc.server.mapper.DDCMessageMapper.insert [BaseJdbcLogger.java : 159] <==    Updates: 1
2019-06-21 00:25:26,320 [DEBUG] [main] com.ddc.server.mapper.DDCMessageMapper.insert [BaseJdbcLogger.java : 159] ==>  Preparing: INSERT INTO ddc_message ( username, sex, mobile, email, `path`, city, remark, `state`, operate, create_by, create_time, update_by, update_time, del_flag ) VALUES ( ?, ?, ?, ?, ?, ?, ?, ?, ?, ?, ?, ?, ?, ? ) 
2019-06-21 00:25:26,324 [DEBUG] [main] com.ddc.server.mapper.DDCMessageMapper.insert [BaseJdbcLogger.java : 159] ==> Parameters: user3(String), 0(Integer), 12345678900(Long), hello@qq.com(String), 无(String), 北进市海淀区(String), 无(String), 0(Integer), 0(Integer), 0(Long), 1561047926319(Long), 0(Long), 1561047926319(Long), 0(Integer)
2019-06-21 00:25:26,369 [DEBUG] [main] com.ddc.server.mapper.DDCMessageMapper.insert [BaseJdbcLogger.java : 159] <==    Updates: 1
2019-06-21 00:25:26,372 [DEBUG] [main] com.ddc.server.mapper.DDCMessageMapper.insert [BaseJdbcLogger.java : 159] ==>  Preparing: INSERT INTO ddc_message ( username, sex, mobile, email, `path`, city, remark, `state`, operate, create_by, create_time, update_by, update_time, del_flag ) VALUES ( ?, ?, ?, ?, ?, ?, ?, ?, ?, ?, ?, ?, ?, ? ) 
2019-06-21 00:25:26,373 [DEBUG] [main] com.ddc.server.mapper.DDCMessageMapper.insert [BaseJdbcLogger.java : 159] ==> Parameters: user4(String), 0(Integer), 12345678900(Long), hello@qq.com(String), 无(String), 北进市海淀区(String), 无(String), 0(Integer), 0(Integer), 0(Long), 1561047926370(Long), 0(Long), 1561047926370(Long), 0(Integer)
2019-06-21 00:25:26,416 [DEBUG] [main] com.ddc.server.mapper.DDCMessageMapper.insert [BaseJdbcLogger.java : 159] <==    Updates: 1
2019-06-21 00:25:26,424 [DEBUG] [main] com.ddc.server.mapper.DDCMessageMapper.insert [BaseJdbcLogger.java : 159] ==>  Preparing: INSERT INTO ddc_message ( username, sex, mobile, email, `path`, city, remark, `state`, operate, create_by, create_time, update_by, update_time, del_flag ) VALUES ( ?, ?, ?, ?, ?, ?, ?, ?, ?, ?, ?, ?, ?, ? ) 
2019-06-21 00:25:26,426 [DEBUG] [main] com.ddc.server.mapper.DDCMessageMapper.insert [BaseJdbcLogger.java : 159] ==> Parameters: user5(String), 0(Integer), 12345678900(Long), hello@qq.com(String), 无(String), 北进市海淀区(String), 无(String), 0(Integer), 0(Integer), 0(Long), 1561047926418(Long), 0(Long), 1561047926418(Long), 0(Integer)
2019-06-21 00:25:26,483 [DEBUG] [main] com.ddc.server.mapper.DDCMessageMapper.insert [BaseJdbcLogger.java : 159] <==    Updates: 1
2019-06-21 00:25:26,486 [DEBUG] [main] com.ddc.server.mapper.DDCMessageMapper.insert [BaseJdbcLogger.java : 159] ==>  Preparing: INSERT INTO ddc_message ( username, sex, mobile, email, `path`, city, remark, `state`, operate, create_by, create_time, update_by, update_time, del_flag ) VALUES ( ?, ?, ?, ?, ?, ?, ?, ?, ?, ?, ?, ?, ?, ? ) 
2019-06-21 00:25:26,487 [DEBUG] [main] com.ddc.server.mapper.DDCMessageMapper.insert [BaseJdbcLogger.java : 159] ==> Parameters: user6(String), 0(Integer), 12345678900(Long), hello@qq.com(String), 无(String), 北进市海淀区(String), 无(String), 0(Integer), 0(Integer), 0(Long), 1561047926484(Long), 0(Long), 1561047926484(Long), 0(Integer)
2019-06-21 00:25:26,524 [DEBUG] [main] com.ddc.server.mapper.DDCMessageMapper.insert [BaseJdbcLogger.java : 159] <==    Updates: 1
2019-06-21 00:25:26,527 [DEBUG] [main] com.ddc.server.mapper.DDCMessageMapper.insert [BaseJdbcLogger.java : 159] ==>  Preparing: INSERT INTO ddc_message ( username, sex, mobile, email, `path`, city, remark, `state`, operate, create_by, create_time, update_by, update_time, del_flag ) VALUES ( ?, ?, ?, ?, ?, ?, ?, ?, ?, ?, ?, ?, ?, ? ) 
2019-06-21 00:25:26,529 [DEBUG] [main] com.ddc.server.mapper.DDCMessageMapper.insert [BaseJdbcLogger.java : 159] ==> Parameters: user7(String), 0(Integer), 12345678900(Long), hello@qq.com(String), 无(String), 北进市海淀区(String), 无(String), 0(Integer), 0(Integer), 0(Long), 1561047926526(Long), 0(Long), 1561047926526(Long), 0(Integer)
2019-06-21 00:25:26,579 [DEBUG] [main] com.ddc.server.mapper.DDCMessageMapper.insert [BaseJdbcLogger.java : 159] <==    Updates: 1
2019-06-21 00:25:26,583 [DEBUG] [main] com.ddc.server.mapper.DDCMessageMapper.insert [BaseJdbcLogger.java : 159] ==>  Preparing: INSERT INTO ddc_message ( username, sex, mobile, email, `path`, city, remark, `state`, operate, create_by, create_time, update_by, update_time, del_flag ) VALUES ( ?, ?, ?, ?, ?, ?, ?, ?, ?, ?, ?, ?, ?, ? ) 
2019-06-21 00:25:26,585 [DEBUG] [main] com.ddc.server.mapper.DDCMessageMapper.insert [BaseJdbcLogger.java : 159] ==> Parameters: user8(String), 0(Integer), 12345678900(Long), hello@qq.com(String), 无(String), 北进市海淀区(String), 无(String), 0(Integer), 0(Integer), 0(Long), 1561047926581(Long), 0(Long), 1561047926581(Long), 0(Integer)
2019-06-21 00:25:26,627 [DEBUG] [main] com.ddc.server.mapper.DDCMessageMapper.insert [BaseJdbcLogger.java : 159] <==    Updates: 1
2019-06-21 00:25:26,629 [DEBUG] [main] com.ddc.server.mapper.DDCMessageMapper.insert [BaseJdbcLogger.java : 159] ==>  Preparing: INSERT INTO ddc_message ( username, sex, mobile, email, `path`, city, remark, `state`, operate, create_by, create_time, update_by, update_time, del_flag ) VALUES ( ?, ?, ?, ?, ?, ?, ?, ?, ?, ?, ?, ?, ?, ? ) 
2019-06-21 00:25:26,630 [DEBUG] [main] com.ddc.server.mapper.DDCMessageMapper.insert [BaseJdbcLogger.java : 159] ==> Parameters: user9(String), 0(Integer), 12345678900(Long), hello@qq.com(String), 无(String), 北进市海淀区(String), 无(String), 0(Integer), 0(Integer), 0(Long), 1561047926628(Long), 0(Long), 1561047926628(Long), 0(Integer)
2019-06-21 00:25:26,737 [DEBUG] [main] com.ddc.server.mapper.DDCMessageMapper.insert [BaseJdbcLogger.java : 159] <==    Updates: 1
2019-06-21 00:25:26,739 [DEBUG] [main] com.ddc.server.mapper.DDCMessageMapper.insert [BaseJdbcLogger.java : 159] ==>  Preparing: INSERT INTO ddc_message ( username, sex, mobile, email, `path`, city, remark, `state`, operate, create_by, create_time, update_by, update_time, del_flag ) VALUES ( ?, ?, ?, ?, ?, ?, ?, ?, ?, ?, ?, ?, ?, ? ) 
2019-06-21 00:25:26,741 [DEBUG] [main] com.ddc.server.mapper.DDCMessageMapper.insert [BaseJdbcLogger.java : 159] ==> Parameters: user10(String), 0(Integer), 12345678900(Long), hello@qq.com(String), 无(String), 北进市海淀区(String), 无(String), 0(Integer), 0(Integer), 0(Long), 1561047926738(Long), 0(Long), 1561047926738(Long), 0(Integer)
2019-06-21 00:25:26,852 [DEBUG] [main] com.ddc.server.mapper.DDCMessageMapper.insert [BaseJdbcLogger.java : 159] <==    Updates: 1
2019-06-21 00:25:26,854 [DEBUG] [main] com.ddc.server.mapper.DDCMessageMapper.insert [BaseJdbcLogger.java : 159] ==>  Preparing: INSERT INTO ddc_message ( username, sex, mobile, email, `path`, city, remark, `state`, operate, create_by, create_time, update_by, update_time, del_flag ) VALUES ( ?, ?, ?, ?, ?, ?, ?, ?, ?, ?, ?, ?, ?, ? ) 
2019-06-21 00:25:26,855 [DEBUG] [main] com.ddc.server.mapper.DDCMessageMapper.insert [BaseJdbcLogger.java : 159] ==> Parameters: user11(String), 0(Integer), 12345678900(Long), hello@qq.com(String), 无(String), 北进市海淀区(String), 无(String), 0(Integer), 0(Integer), 0(Long), 1561047926853(Long), 0(Long), 1561047926853(Long), 0(Integer)
2019-06-21 00:25:26,892 [DEBUG] [main] com.ddc.server.mapper.DDCMessageMapper.insert [BaseJdbcLogger.java : 159] <==    Updates: 1
2019-06-21 00:25:26,895 [DEBUG] [main] com.ddc.server.mapper.DDCMessageMapper.insert [BaseJdbcLogger.java : 159] ==>  Preparing: INSERT INTO ddc_message ( username, sex, mobile, email, `path`, city, remark, `state`, operate, create_by, create_time, update_by, update_time, del_flag ) VALUES ( ?, ?, ?, ?, ?, ?, ?, ?, ?, ?, ?, ?, ?, ? ) 
2019-06-21 00:25:26,896 [DEBUG] [main] com.ddc.server.mapper.DDCMessageMapper.insert [BaseJdbcLogger.java : 159] ==> Parameters: user12(String), 0(Integer), 12345678900(Long), hello@qq.com(String), 无(String), 北进市海淀区(String), 无(String), 0(Integer), 0(Integer), 0(Long), 1561047926893(Long), 0(Long), 1561047926893(Long), 0(Integer)
2019-06-21 00:25:26,934 [DEBUG] [main] com.ddc.server.mapper.DDCMessageMapper.insert [BaseJdbcLogger.java : 159] <==    Updates: 1
2019-06-21 00:25:26,936 [DEBUG] [main] com.ddc.server.mapper.DDCMessageMapper.insert [BaseJdbcLogger.java : 159] ==>  Preparing: INSERT INTO ddc_message ( username, sex, mobile, email, `path`, city, remark, `state`, operate, create_by, create_time, update_by, update_time, del_flag ) VALUES ( ?, ?, ?, ?, ?, ?, ?, ?, ?, ?, ?, ?, ?, ? ) 
2019-06-21 00:25:26,938 [DEBUG] [main] com.ddc.server.mapper.DDCMessageMapper.insert [BaseJdbcLogger.java : 159] ==> Parameters: user13(String), 0(Integer), 12345678900(Long), hello@qq.com(String), 无(String), 北进市海淀区(String), 无(String), 0(Integer), 0(Integer), 0(Long), 1561047926935(Long), 0(Long), 1561047926935(Long), 0(Integer)
2019-06-21 00:25:26,981 [DEBUG] [main] com.ddc.server.mapper.DDCMessageMapper.insert [BaseJdbcLogger.java : 159] <==    Updates: 1
2019-06-21 00:25:26,983 [DEBUG] [main] com.ddc.server.mapper.DDCMessageMapper.insert [BaseJdbcLogger.java : 159] ==>  Preparing: INSERT INTO ddc_message ( username, sex, mobile, email, `path`, city, remark, `state`, operate, create_by, create_time, update_by, update_time, del_flag ) VALUES ( ?, ?, ?, ?, ?, ?, ?, ?, ?, ?, ?, ?, ?, ? ) 
2019-06-21 00:25:26,985 [DEBUG] [main] com.ddc.server.mapper.DDCMessageMapper.insert [BaseJdbcLogger.java : 159] ==> Parameters: user14(String), 0(Integer), 12345678900(Long), hello@qq.com(String), 无(String), 北进市海淀区(String), 无(String), 0(Integer), 0(Integer), 0(Long), 1561047926982(Long), 0(Long), 1561047926982(Long), 0(Integer)
2019-06-21 00:25:27,025 [DEBUG] [main] com.ddc.server.mapper.DDCMessageMapper.insert [BaseJdbcLogger.java : 159] <==    Updates: 1
2019-06-21 00:25:27,029 [DEBUG] [main] com.ddc.server.mapper.DDCMessageMapper.insert [BaseJdbcLogger.java : 159] ==>  Preparing: INSERT INTO ddc_message ( username, sex, mobile, email, `path`, city, remark, `state`, operate, create_by, create_time, update_by, update_time, del_flag ) VALUES ( ?, ?, ?, ?, ?, ?, ?, ?, ?, ?, ?, ?, ?, ? ) 
2019-06-21 00:25:27,030 [DEBUG] [main] com.ddc.server.mapper.DDCMessageMapper.insert [BaseJdbcLogger.java : 159] ==> Parameters: user15(String), 0(Integer), 12345678900(Long), hello@qq.com(String), 无(String), 北进市海淀区(String), 无(String), 0(Integer), 0(Integer), 0(Long), 1561047927026(Long), 0(Long), 1561047927026(Long), 0(Integer)
2019-06-21 00:25:27,189 [DEBUG] [main] com.ddc.server.mapper.DDCMessageMapper.insert [BaseJdbcLogger.java : 159] <==    Updates: 1
2019-06-21 00:25:27,193 [DEBUG] [main] com.ddc.server.mapper.DDCMessageMapper.insert [BaseJdbcLogger.java : 159] ==>  Preparing: INSERT INTO ddc_message ( username, sex, mobile, email, `path`, city, remark, `state`, operate, create_by, create_time, update_by, update_time, del_flag ) VALUES ( ?, ?, ?, ?, ?, ?, ?, ?, ?, ?, ?, ?, ?, ? ) 
2019-06-21 00:25:27,194 [DEBUG] [main] com.ddc.server.mapper.DDCMessageMapper.insert [BaseJdbcLogger.java : 159] ==> Parameters: user16(String), 0(Integer), 12345678900(Long), hello@qq.com(String), 无(String), 北进市海淀区(String), 无(String), 0(Integer), 0(Integer), 0(Long), 1561047927192(Long), 0(Long), 1561047927192(Long), 0(Integer)
2019-06-21 00:25:27,224 [DEBUG] [main] com.ddc.server.mapper.DDCMessageMapper.insert [BaseJdbcLogger.java : 159] <==    Updates: 1
2019-06-21 00:25:27,226 [DEBUG] [main] com.ddc.server.mapper.DDCMessageMapper.insert [BaseJdbcLogger.java : 159] ==>  Preparing: INSERT INTO ddc_message ( username, sex, mobile, email, `path`, city, remark, `state`, operate, create_by, create_time, update_by, update_time, del_flag ) VALUES ( ?, ?, ?, ?, ?, ?, ?, ?, ?, ?, ?, ?, ?, ? ) 
2019-06-21 00:25:27,227 [DEBUG] [main] com.ddc.server.mapper.DDCMessageMapper.insert [BaseJdbcLogger.java : 159] ==> Parameters: user17(String), 0(Integer), 12345678900(Long), hello@qq.com(String), 无(String), 北进市海淀区(String), 无(String), 0(Integer), 0(Integer), 0(Long), 1561047927225(Long), 0(Long), 1561047927225(Long), 0(Integer)
2019-06-21 00:25:27,290 [DEBUG] [main] com.ddc.server.mapper.DDCMessageMapper.insert [BaseJdbcLogger.java : 159] <==    Updates: 1
2019-06-21 00:25:27,293 [DEBUG] [main] com.ddc.server.mapper.DDCMessageMapper.insert [BaseJdbcLogger.java : 159] ==>  Preparing: INSERT INTO ddc_message ( username, sex, mobile, email, `path`, city, remark, `state`, operate, create_by, create_time, update_by, update_time, del_flag ) VALUES ( ?, ?, ?, ?, ?, ?, ?, ?, ?, ?, ?, ?, ?, ? ) 
2019-06-21 00:25:27,294 [DEBUG] [main] com.ddc.server.mapper.DDCMessageMapper.insert [BaseJdbcLogger.java : 159] ==> Parameters: user18(String), 0(Integer), 12345678900(Long), hello@qq.com(String), 无(String), 北进市海淀区(String), 无(String), 0(Integer), 0(Integer), 0(Long), 1561047927291(Long), 0(Long), 1561047927291(Long), 0(Integer)
2019-06-21 00:25:27,332 [DEBUG] [main] com.ddc.server.mapper.DDCMessageMapper.insert [BaseJdbcLogger.java : 159] <==    Updates: 1
2019-06-21 00:25:27,333 [DEBUG] [main] com.ddc.server.mapper.DDCMessageMapper.insert [BaseJdbcLogger.java : 159] ==>  Preparing: INSERT INTO ddc_message ( username, sex, mobile, email, `path`, city, remark, `state`, operate, create_by, create_time, update_by, update_time, del_flag ) VALUES ( ?, ?, ?, ?, ?, ?, ?, ?, ?, ?, ?, ?, ?, ? ) 
2019-06-21 00:25:27,334 [DEBUG] [main] com.ddc.server.mapper.DDCMessageMapper.insert [BaseJdbcLogger.java : 159] ==> Parameters: user19(String), 0(Integer), 12345678900(Long), hello@qq.com(String), 无(String), 北进市海淀区(String), 无(String), 0(Integer), 0(Integer), 0(Long), 1561047927333(Long), 0(Long), 1561047927333(Long), 0(Integer)
2019-06-21 00:25:27,379 [DEBUG] [main] com.ddc.server.mapper.DDCMessageMapper.insert [BaseJdbcLogger.java : 159] <==    Updates: 1
2019-06-21 00:25:27,438 [INFO] [Thread-2] o.s.scheduling.concurrent.ThreadPoolTaskExecutor [ExecutorConfigurationSupport.java : 208] Shutting down ExecutorService 'taskAsyncPool'
2019-06-21 00:25:27,438 [INFO] [Thread-2] o.s.scheduling.concurrent.ThreadPoolTaskExecutor [ExecutorConfigurationSupport.java : 208] Shutting down ExecutorService 'taskExecutor'
2019-06-21 00:25:27,448 [INFO] [Thread-2] com.alibaba.druid.pool.DruidDataSource [DruidDataSource.java : 1712] {dataSource-1} closed
