2019-06-22 21:37:10,173 [INFO] [main] com.ddc.server.DDCServerApplication [StartupInfoLogger.java : 50] Starting DDCServerApplication on SKY-20180823MGI with PID 25336 (started by Administrator in C:\Users\Administrator\Desktop\课设\ddc-parent\ddc-parent)
2019-06-22 21:37:10,203 [INFO] [main] com.ddc.server.DDCServerApplication [SpringApplication.java : 675] No active profile set, falling back to default profiles: default
2019-06-22 21:37:14,073 [INFO] [main] o.s.c.s.PostProcessorRegistrationDelegate$BeanPostProcessorChecker [PostProcessorRegistrationDelegate.java : 330] Bean 'transactionalConfig' of type [com.ddc.server.config.db.TransactionalConfig$$EnhancerBySpringCGLIB$$98ec41cc] is not eligible for getting processed by all BeanPostProcessors (for example: not eligible for auto-proxying)
2019-06-22 21:37:14,233 [INFO] [main] o.s.c.s.PostProcessorRegistrationDelegate$BeanPostProcessorChecker [PostProcessorRegistrationDelegate.java : 330] Bean 'org.springframework.transaction.annotation.ProxyTransactionManagementConfiguration' of type [org.springframework.transaction.annotation.ProxyTransactionManagementConfiguration$$EnhancerBySpringCGLIB$$b972b193] is not eligible for getting processed by all BeanPostProcessors (for example: not eligible for auto-proxying)
2019-06-22 21:37:14,323 [INFO] [main] o.s.c.s.PostProcessorRegistrationDelegate$BeanPostProcessorChecker [PostProcessorRegistrationDelegate.java : 330] Bean 'shiroConfig' of type [com.ddc.server.shiro.ShiroConfig$$EnhancerBySpringCGLIB$$4b15915b] is not eligible for getting processed by all BeanPostProcessors (for example: not eligible for auto-proxying)
2019-06-22 21:37:14,343 [INFO] [main] o.s.c.s.PostProcessorRegistrationDelegate$BeanPostProcessorChecker [PostProcessorRegistrationDelegate.java : 330] Bean 'hashedCredentialsMatcher' of type [org.apache.shiro.authc.credential.HashedCredentialsMatcher] is not eligible for getting processed by all BeanPostProcessors (for example: not eligible for auto-proxying)
2019-06-22 21:37:14,353 [INFO] [main] o.s.c.s.PostProcessorRegistrationDelegate$BeanPostProcessorChecker [PostProcessorRegistrationDelegate.java : 330] Bean 'myRealm' of type [com.ddc.server.shiro.MyRealm] is not eligible for getting processed by all BeanPostProcessors (for example: not eligible for auto-proxying)
2019-06-22 21:37:14,893 [INFO] [main] o.s.c.s.PostProcessorRegistrationDelegate$BeanPostProcessorChecker [PostProcessorRegistrationDelegate.java : 330] Bean 'securityManager' of type [org.apache.shiro.web.mgt.DefaultWebSecurityManager] is not eligible for getting processed by all BeanPostProcessors (for example: not eligible for auto-proxying)
2019-06-22 21:37:14,903 [INFO] [main] o.s.c.s.PostProcessorRegistrationDelegate$BeanPostProcessorChecker [PostProcessorRegistrationDelegate.java : 330] Bean 'org.springframework.hateoas.config.HateoasConfiguration' of type [org.springframework.hateoas.config.HateoasConfiguration$$EnhancerBySpringCGLIB$$38f2fec5] is not eligible for getting processed by all BeanPostProcessors (for example: not eligible for auto-proxying)
2019-06-22 21:37:15,483 [INFO] [main] org.springframework.boot.web.embedded.tomcat.TomcatWebServer [TomcatWebServer.java : 90] Tomcat initialized with port(s): 8081 (http)
2019-06-22 21:37:15,523 [INFO] [main] org.apache.catalina.core.StandardService [DirectJDKLog.java : 173] Starting service [Tomcat]
2019-06-22 21:37:15,523 [INFO] [main] org.apache.catalina.core.StandardEngine [DirectJDKLog.java : 173] Starting Servlet engine: [Apache Tomcat/9.0.19]
2019-06-22 21:37:16,023 [INFO] [main] org.apache.jasper.servlet.TldScanner [DirectJDKLog.java : 173] At least one JAR was scanned for TLDs yet contained no TLDs. Enable debug logging for this logger for a complete list of JARs that were scanned but no TLDs were found in them. Skipping unneeded JARs during scanning can improve startup time and JSP compilation time.
2019-06-22 21:37:16,033 [INFO] [main] o.a.catalina.core.ContainerBase.[Tomcat].[localhost].[/] [DirectJDKLog.java : 173] Initializing Spring embedded WebApplicationContext
2019-06-22 21:37:16,033 [INFO] [main] org.springframework.web.context.ContextLoader [ServletWebServerApplicationContext.java : 296] Root WebApplicationContext: initialization completed in 5670 ms
2019-06-22 21:37:17,833 [INFO] [main] com.alibaba.druid.pool.DruidDataSource [DruidDataSource.java : 932] {dataSource-1} inited
2019-06-22 21:37:18,823 [INFO] [main] o.s.scheduling.concurrent.ThreadPoolTaskExecutor [ExecutorConfigurationSupport.java : 171] Initializing ExecutorService 'taskExecutor'
2019-06-22 21:37:18,833 [INFO] [main] o.s.scheduling.concurrent.ThreadPoolTaskExecutor [ExecutorConfigurationSupport.java : 171] Initializing ExecutorService
2019-06-22 21:37:18,833 [INFO] [main] o.s.scheduling.concurrent.ThreadPoolTaskExecutor [ExecutorConfigurationSupport.java : 171] Initializing ExecutorService 'taskAsyncPool'
2019-06-22 21:37:19,603 [INFO] [main] o.s.boot.autoconfigure.web.servlet.WelcomePageHandlerMapping [WelcomePageHandlerMapping.java : 61] Adding welcome page template: index
2019-06-22 21:37:20,513 [INFO] [main] org.springframework.boot.web.embedded.tomcat.TomcatWebServer [TomcatWebServer.java : 204] Tomcat started on port(s): 8081 (http) with context path ''
2019-06-22 21:37:20,523 [INFO] [main] com.ddc.server.DDCServerApplication [StartupInfoLogger.java : 59] Started DDCServerApplication in 12.23 seconds (JVM running for 19.47)
2019-06-22 21:37:20,543 [INFO] [main] com.ddc.server.config.web.PassUrlScanner [PassUrlScanner.java : 39] @Pass:[Constant.URLInfo(url=/index, className=com.ddc.server.controller.IndexController, pass=true, method=index, methodType=org.springframework.web.bind.annotation.RequestMapping)]
2019-06-22 21:37:20,553 [INFO] [main] com.ddc.server.config.web.PassUrlScanner [PassUrlScanner.java : 40] @Pass size:1
2019-06-22 21:37:40,426 [INFO] [http-nio-8081-exec-1] o.a.catalina.core.ContainerBase.[Tomcat].[localhost].[/] [DirectJDKLog.java : 173] Initializing Spring DispatcherServlet 'dispatcherServlet'
2019-06-22 21:37:40,426 [INFO] [http-nio-8081-exec-1] org.springframework.web.servlet.DispatcherServlet [FrameworkServlet.java : 524] Initializing Servlet 'dispatcherServlet'
2019-06-22 21:37:40,464 [INFO] [http-nio-8081-exec-1] org.springframework.web.servlet.DispatcherServlet [FrameworkServlet.java : 546] Completed initialization in 37 ms
2019-06-22 21:37:43,413 [DEBUG] [http-nio-8081-exec-8] com.ddc.server.mapper.DDCAdminMapper.selectOne [BaseJdbcLogger.java : 159] ==>  Preparing: SELECT id AS id,`name`,`password`,salt,sex,mobile,email,role_id AS roleId,remark,create_time AS createTime,create_by AS createBy,update_by AS updateBy,update_time AS updateTime,`status`,del_flag AS delFlag FROM ddc_admin WHERE `name`=? 
2019-06-22 21:37:43,939 [DEBUG] [http-nio-8081-exec-8] com.ddc.server.mapper.DDCAdminMapper.selectOne [BaseJdbcLogger.java : 159] ==> Parameters: root(String)
2019-06-22 21:37:44,009 [DEBUG] [http-nio-8081-exec-8] com.ddc.server.mapper.DDCAdminMapper.selectOne [BaseJdbcLogger.java : 159] <==      Total: 1
2019-06-22 21:37:44,449 [INFO] [http-nio-8081-exec-3] com.ddc.server.controller.IndexController [IndexController.java : 31] {"createBy":0,"createTime":1560619499537,"delFlag":0,"email":"hello@qq.com","id":1139946923277545474,"mobile":"13812341234","name":"root","password":"f2f337ace5db36a0f83d726f31eb66ff","roleId":1,"salt":"root_0ba80d42-8f92-4374-85be-fef484195bcc","sex":0,"status":0,"updateBy":0,"updateTime":1560619499537}
2019-06-22 21:37:44,699 [DEBUG] [http-nio-8081-exec-3] com.ddc.server.mapper.DDCAdminMapper.selectOne [BaseJdbcLogger.java : 159] ==>  Preparing: SELECT id AS id,`name`,`password`,salt,sex,mobile,email,role_id AS roleId,remark,create_time AS createTime,create_by AS createBy,update_by AS updateBy,update_time AS updateTime,`status`,del_flag AS delFlag FROM ddc_admin 
2019-06-22 21:37:44,699 [DEBUG] [http-nio-8081-exec-3] com.ddc.server.mapper.DDCAdminMapper.selectOne [BaseJdbcLogger.java : 159] ==> Parameters: 
2019-06-22 21:37:44,709 [DEBUG] [http-nio-8081-exec-3] com.ddc.server.mapper.DDCAdminMapper.selectOne [BaseJdbcLogger.java : 159] <==      Total: 1
2019-06-22 21:37:44,739 [DEBUG] [http-nio-8081-exec-3] com.ddc.server.mapper.DDCRoleAuthMapper.selectList [BaseJdbcLogger.java : 159] ==>  Preparing: SELECT id AS id,role_id AS roleId,auth_id AS authId FROM dcc_role_auth WHERE (role_id = ?) 
2019-06-22 21:37:44,739 [DEBUG] [http-nio-8081-exec-3] com.ddc.server.mapper.DDCRoleAuthMapper.selectList [BaseJdbcLogger.java : 159] ==> Parameters: 1(Long)
2019-06-22 21:37:44,739 [DEBUG] [http-nio-8081-exec-3] com.ddc.server.mapper.DDCRoleAuthMapper.selectList [BaseJdbcLogger.java : 159] <==      Total: 0
2019-06-22 21:37:46,969 [INFO] [http-nio-8081-exec-4] com.ddc.server.controller.IndexController [IndexController.java : 31] {"createBy":0,"createTime":1560619499537,"delFlag":0,"email":"hello@qq.com","id":1139946923277545474,"mobile":"13812341234","name":"root","password":"f2f337ace5db36a0f83d726f31eb66ff","roleId":1,"salt":"root_0ba80d42-8f92-4374-85be-fef484195bcc","sex":0,"status":0,"updateBy":0,"updateTime":1560619499537}
2019-06-22 21:37:47,449 [DEBUG] [http-nio-8081-exec-10] com.ddc.server.mapper.DDCPictureMapper.selectPage [BaseJdbcLogger.java : 159] ==>  Preparing: SELECT COUNT(1) FROM ddc_picture 
2019-06-22 21:37:47,449 [DEBUG] [http-nio-8081-exec-10] com.ddc.server.mapper.DDCPictureMapper.selectPage [BaseJdbcLogger.java : 159] ==> Parameters: 
2019-06-22 21:37:47,469 [DEBUG] [http-nio-8081-exec-10] com.ddc.server.mapper.DDCPictureMapper.selectPage [BaseJdbcLogger.java : 159] ==>  Preparing: SELECT id AS id,p_name AS pName,p_classify AS pClassify,p_ordervalue AS pOrdervalue,p_author AS pAuthor,p_tags AS pTags,p_updatetime AS pUpdatetime,p_publishstate AS pPublishstate,picture,create_time AS createTime,create_by AS createBy,update_by AS updateBy,update_time AS updateTime,delete_flag AS delFlag FROM ddc_picture LIMIT 0,10 
2019-06-22 21:37:47,469 [DEBUG] [http-nio-8081-exec-10] com.ddc.server.mapper.DDCPictureMapper.selectPage [BaseJdbcLogger.java : 159] ==> Parameters: 
2019-06-22 21:37:47,479 [DEBUG] [http-nio-8081-exec-10] com.ddc.server.mapper.DDCPictureMapper.selectPage [BaseJdbcLogger.java : 159] <==      Total: 10
2019-06-22 21:37:56,209 [DEBUG] [http-nio-8081-exec-7] com.ddc.server.mapper.DDCPictureMapper.selectPage [BaseJdbcLogger.java : 159] ==>  Preparing: SELECT COUNT(1) FROM ddc_picture WHERE (username LIKE ?) 
2019-06-22 21:37:56,209 [DEBUG] [http-nio-8081-exec-7] com.ddc.server.mapper.DDCPictureMapper.selectPage [BaseJdbcLogger.java : 159] ==> Parameters: %去%(String)
2019-06-22 21:37:56,249 [ERROR] [http-nio-8081-exec-7] com.baomidou.mybatisplus.plugins.PaginationInterceptor [PaginationInterceptor.java : 176] Error: Method queryTotal execution error !
java.sql.SQLSyntaxErrorException: Unknown column 'username' in 'where clause'
	at com.mysql.cj.jdbc.exceptions.SQLError.createSQLException(SQLError.java:120)
	at com.mysql.cj.jdbc.exceptions.SQLError.createSQLException(SQLError.java:97)
	at com.mysql.cj.jdbc.exceptions.SQLExceptionsMapping.translateException(SQLExceptionsMapping.java:122)
	at com.mysql.cj.jdbc.ClientPreparedStatement.executeInternal(ClientPreparedStatement.java:970)
	at com.mysql.cj.jdbc.ClientPreparedStatement.executeQuery(ClientPreparedStatement.java:1020)
	at com.alibaba.druid.filter.FilterChainImpl.preparedStatement_executeQuery(FilterChainImpl.java:2830)
	at com.alibaba.druid.filter.FilterEventAdapter.preparedStatement_executeQuery(FilterEventAdapter.java:465)
	at com.alibaba.druid.filter.FilterChainImpl.preparedStatement_executeQuery(FilterChainImpl.java:2827)
	at com.alibaba.druid.wall.WallFilter.preparedStatement_executeQuery(WallFilter.java:640)
	at com.alibaba.druid.filter.FilterChainImpl.preparedStatement_executeQuery(FilterChainImpl.java:2827)
	at com.alibaba.druid.filter.FilterEventAdapter.preparedStatement_executeQuery(FilterEventAdapter.java:465)
	at com.alibaba.druid.filter.FilterChainImpl.preparedStatement_executeQuery(FilterChainImpl.java:2827)
	at com.alibaba.druid.proxy.jdbc.PreparedStatementProxyImpl.executeQuery(PreparedStatementProxyImpl.java:181)
	at com.alibaba.druid.pool.DruidPooledPreparedStatement.executeQuery(DruidPooledPreparedStatement.java:228)
	at sun.reflect.NativeMethodAccessorImpl.invoke0(Native Method)
	at sun.reflect.NativeMethodAccessorImpl.invoke(NativeMethodAccessorImpl.java:62)
	at sun.reflect.DelegatingMethodAccessorImpl.invoke(DelegatingMethodAccessorImpl.java:43)
	at java.lang.reflect.Method.invoke(Method.java:498)
	at org.apache.ibatis.logging.jdbc.PreparedStatementLogger.invoke(PreparedStatementLogger.java:56)
	at com.sun.proxy.$Proxy110.executeQuery(Unknown Source)
	at com.baomidou.mybatisplus.plugins.PaginationInterceptor.queryTotal(PaginationInterceptor.java:161)
	at com.baomidou.mybatisplus.plugins.PaginationInterceptor.intercept(PaginationInterceptor.java:126)
	at org.apache.ibatis.plugin.Plugin.invoke(Plugin.java:61)
	at com.sun.proxy.$Proxy108.prepare(Unknown Source)
	at org.apache.ibatis.executor.SimpleExecutor.prepareStatement(SimpleExecutor.java:85)
	at org.apache.ibatis.executor.SimpleExecutor.doQuery(SimpleExecutor.java:62)
	at org.apache.ibatis.executor.BaseExecutor.queryFromDatabase(BaseExecutor.java:324)
	at org.apache.ibatis.executor.BaseExecutor.query(BaseExecutor.java:156)
	at org.apache.ibatis.executor.CachingExecutor.query(CachingExecutor.java:109)
	at org.apache.ibatis.executor.CachingExecutor.query(CachingExecutor.java:83)
	at org.apache.ibatis.session.defaults.DefaultSqlSession.selectList(DefaultSqlSession.java:148)
	at sun.reflect.NativeMethodAccessorImpl.invoke0(Native Method)
	at sun.reflect.NativeMethodAccessorImpl.invoke(NativeMethodAccessorImpl.java:62)
	at sun.reflect.DelegatingMethodAccessorImpl.invoke(DelegatingMethodAccessorImpl.java:43)
	at java.lang.reflect.Method.invoke(Method.java:498)
	at org.mybatis.spring.SqlSessionTemplate$SqlSessionInterceptor.invoke(SqlSessionTemplate.java:433)
	at com.sun.proxy.$Proxy90.selectList(Unknown Source)
	at org.mybatis.spring.SqlSessionTemplate.selectList(SqlSessionTemplate.java:238)
	at org.apache.ibatis.binding.MapperMethod.executeForMany(MapperMethod.java:135)
	at org.apache.ibatis.binding.MapperMethod.execute(MapperMethod.java:75)
	at org.apache.ibatis.binding.MapperProxy.invoke(MapperProxy.java:59)
	at com.sun.proxy.$Proxy94.selectPage(Unknown Source)
	at com.baomidou.mybatisplus.service.impl.ServiceImpl.selectPage(ServiceImpl.java:416)
	at com.baomidou.mybatisplus.service.impl.ServiceImpl$$FastClassBySpringCGLIB$$3e2398a4.invoke(<generated>)
	at org.springframework.cglib.proxy.MethodProxy.invoke(MethodProxy.java:218)
	at org.springframework.aop.framework.CglibAopProxy$DynamicAdvisedInterceptor.intercept(CglibAopProxy.java:684)
	at com.ddc.server.service.impl.DDCPictureServiceImpl$$EnhancerBySpringCGLIB$$85cb482.selectPage(<generated>)
	at com.baomidou.mybatisplus.service.impl.ServiceImpl$$FastClassBySpringCGLIB$$3e2398a4.invoke(<generated>)
	at org.springframework.cglib.proxy.MethodProxy.invoke(MethodProxy.java:218)
	at org.springframework.aop.framework.CglibAopProxy$CglibMethodInvocation.invokeJoinpoint(CglibAopProxy.java:749)
	at org.springframework.aop.framework.ReflectiveMethodInvocation.proceed(ReflectiveMethodInvocation.java:163)
	at org.springframework.transaction.interceptor.TransactionAspectSupport.invokeWithinTransaction(TransactionAspectSupport.java:295)
	at org.springframework.transaction.interceptor.TransactionInterceptor.invoke(TransactionInterceptor.java:98)
	at org.springframework.aop.framework.ReflectiveMethodInvocation.proceed(ReflectiveMethodInvocation.java:186)
	at org.springframework.aop.framework.CglibAopProxy$DynamicAdvisedInterceptor.intercept(CglibAopProxy.java:688)
	at com.ddc.server.service.impl.DDCPictureServiceImpl$$EnhancerBySpringCGLIB$$ef6dfab0.selectPage(<generated>)
	at com.ddc.server.controller.DDCPictureController.list(DDCPictureController.java:55)
	at sun.reflect.NativeMethodAccessorImpl.invoke0(Native Method)
	at sun.reflect.NativeMethodAccessorImpl.invoke(NativeMethodAccessorImpl.java:62)
	at sun.reflect.DelegatingMethodAccessorImpl.invoke(DelegatingMethodAccessorImpl.java:43)
	at java.lang.reflect.Method.invoke(Method.java:498)
	at org.springframework.web.method.support.InvocableHandlerMethod.doInvoke(InvocableHandlerMethod.java:190)
	at org.springframework.web.method.support.InvocableHandlerMethod.invokeForRequest(InvocableHandlerMethod.java:138)
	at org.springframework.web.servlet.mvc.method.annotation.ServletInvocableHandlerMethod.invokeAndHandle(ServletInvocableHandlerMethod.java:104)
	at org.springframework.web.servlet.mvc.method.annotation.RequestMappingHandlerAdapter.invokeHandlerMethod(RequestMappingHandlerAdapter.java:892)
	at org.springframework.web.servlet.mvc.method.annotation.RequestMappingHandlerAdapter.handleInternal(RequestMappingHandlerAdapter.java:797)
	at org.springframework.web.servlet.mvc.method.AbstractHandlerMethodAdapter.handle(AbstractHandlerMethodAdapter.java:87)
	at org.springframework.web.servlet.DispatcherServlet.doDispatch(DispatcherServlet.java:1039)
	at org.springframework.web.servlet.DispatcherServlet.doService(DispatcherServlet.java:942)
	at org.springframework.web.servlet.FrameworkServlet.processRequest(FrameworkServlet.java:1005)
	at org.springframework.web.servlet.FrameworkServlet.doGet(FrameworkServlet.java:897)
	at javax.servlet.http.HttpServlet.service(HttpServlet.java:634)
	at org.springframework.web.servlet.FrameworkServlet.service(FrameworkServlet.java:882)
	at javax.servlet.http.HttpServlet.service(HttpServlet.java:741)
	at org.apache.catalina.core.ApplicationFilterChain.internalDoFilter(ApplicationFilterChain.java:231)
	at org.apache.catalina.core.ApplicationFilterChain.doFilter(ApplicationFilterChain.java:166)
	at org.apache.tomcat.websocket.server.WsFilter.doFilter(WsFilter.java:53)
	at org.apache.catalina.core.ApplicationFilterChain.internalDoFilter(ApplicationFilterChain.java:193)
	at org.apache.catalina.core.ApplicationFilterChain.doFilter(ApplicationFilterChain.java:166)
	at org.apache.shiro.web.servlet.ProxiedFilterChain.doFilter(ProxiedFilterChain.java:61)
	at org.apache.shiro.web.servlet.AdviceFilter.executeChain(AdviceFilter.java:108)
	at org.apache.shiro.web.servlet.AdviceFilter.doFilterInternal(AdviceFilter.java:137)
	at org.apache.shiro.web.servlet.OncePerRequestFilter.doFilter(OncePerRequestFilter.java:125)
	at org.apache.shiro.web.servlet.ProxiedFilterChain.doFilter(ProxiedFilterChain.java:66)
	at org.apache.shiro.web.servlet.AbstractShiroFilter.executeChain(AbstractShiroFilter.java:449)
	at org.apache.shiro.web.servlet.AbstractShiroFilter$1.call(AbstractShiroFilter.java:365)
	at org.apache.shiro.subject.support.SubjectCallable.doCall(SubjectCallable.java:90)
	at org.apache.shiro.subject.support.SubjectCallable.call(SubjectCallable.java:83)
	at org.apache.shiro.subject.support.DelegatingSubject.execute(DelegatingSubject.java:387)
	at org.apache.shiro.web.servlet.AbstractShiroFilter.doFilterInternal(AbstractShiroFilter.java:362)
	at org.apache.shiro.web.servlet.OncePerRequestFilter.doFilter(OncePerRequestFilter.java:125)
	at org.apache.catalina.core.ApplicationFilterChain.internalDoFilter(ApplicationFilterChain.java:193)
	at org.apache.catalina.core.ApplicationFilterChain.doFilter(ApplicationFilterChain.java:166)
	at org.springframework.web.filter.CorsFilter.doFilterInternal(CorsFilter.java:96)
	at org.springframework.web.filter.OncePerRequestFilter.doFilter(OncePerRequestFilter.java:107)
	at org.apache.catalina.core.ApplicationFilterChain.internalDoFilter(ApplicationFilterChain.java:193)
	at org.apache.catalina.core.ApplicationFilterChain.doFilter(ApplicationFilterChain.java:166)
	at com.alibaba.druid.support.http.WebStatFilter.doFilter(WebStatFilter.java:123)
	at org.apache.catalina.core.ApplicationFilterChain.internalDoFilter(ApplicationFilterChain.java:193)
	at org.apache.catalina.core.ApplicationFilterChain.doFilter(ApplicationFilterChain.java:166)
	at org.springframework.web.filter.RequestContextFilter.doFilterInternal(RequestContextFilter.java:99)
	at org.springframework.web.filter.OncePerRequestFilter.doFilter(OncePerRequestFilter.java:107)
	at org.apache.catalina.core.ApplicationFilterChain.internalDoFilter(ApplicationFilterChain.java:193)
	at org.apache.catalina.core.ApplicationFilterChain.doFilter(ApplicationFilterChain.java:166)
	at org.springframework.web.filter.FormContentFilter.doFilterInternal(FormContentFilter.java:92)
	at org.springframework.web.filter.OncePerRequestFilter.doFilter(OncePerRequestFilter.java:107)
	at org.apache.catalina.core.ApplicationFilterChain.internalDoFilter(ApplicationFilterChain.java:193)
	at org.apache.catalina.core.ApplicationFilterChain.doFilter(ApplicationFilterChain.java:166)
	at org.springframework.web.filter.HiddenHttpMethodFilter.doFilterInternal(HiddenHttpMethodFilter.java:93)
	at org.springframework.web.filter.OncePerRequestFilter.doFilter(OncePerRequestFilter.java:107)
	at org.apache.catalina.core.ApplicationFilterChain.internalDoFilter(ApplicationFilterChain.java:193)
	at org.apache.catalina.core.ApplicationFilterChain.doFilter(ApplicationFilterChain.java:166)
	at org.springframework.web.filter.CharacterEncodingFilter.doFilterInternal(CharacterEncodingFilter.java:200)
	at org.springframework.web.filter.OncePerRequestFilter.doFilter(OncePerRequestFilter.java:107)
	at org.apache.catalina.core.ApplicationFilterChain.internalDoFilter(ApplicationFilterChain.java:193)
	at org.apache.catalina.core.ApplicationFilterChain.doFilter(ApplicationFilterChain.java:166)
	at org.apache.catalina.core.StandardWrapperValve.invoke(StandardWrapperValve.java:200)
	at org.apache.catalina.core.StandardContextValve.invoke(StandardContextValve.java:96)
	at org.apache.catalina.authenticator.AuthenticatorBase.invoke(AuthenticatorBase.java:490)
	at org.apache.catalina.core.StandardHostValve.invoke(StandardHostValve.java:139)
	at org.apache.catalina.valves.ErrorReportValve.invoke(ErrorReportValve.java:92)
	at org.apache.catalina.core.StandardEngineValve.invoke(StandardEngineValve.java:74)
	at org.apache.catalina.connector.CoyoteAdapter.service(CoyoteAdapter.java:343)
	at org.apache.coyote.http11.Http11Processor.service(Http11Processor.java:408)
	at org.apache.coyote.AbstractProcessorLight.process(AbstractProcessorLight.java:66)
	at org.apache.coyote.AbstractProtocol$ConnectionHandler.process(AbstractProtocol.java:836)
	at org.apache.tomcat.util.net.NioEndpoint$SocketProcessor.doRun(NioEndpoint.java:1747)
	at org.apache.tomcat.util.net.SocketProcessorBase.run(SocketProcessorBase.java:49)
	at java.util.concurrent.ThreadPoolExecutor.runWorker(ThreadPoolExecutor.java:1149)
	at java.util.concurrent.ThreadPoolExecutor$Worker.run(ThreadPoolExecutor.java:624)
	at org.apache.tomcat.util.threads.TaskThread$WrappingRunnable.run(TaskThread.java:61)
	at java.lang.Thread.run(Thread.java:748)
2019-06-22 21:37:56,249 [DEBUG] [http-nio-8081-exec-7] com.ddc.server.mapper.DDCPictureMapper.selectPage [BaseJdbcLogger.java : 159] ==>  Preparing: SELECT id AS id,p_name AS pName,p_classify AS pClassify,p_ordervalue AS pOrdervalue,p_author AS pAuthor,p_tags AS pTags,p_updatetime AS pUpdatetime,p_publishstate AS pPublishstate,picture,create_time AS createTime,create_by AS createBy,update_by AS updateBy,update_time AS updateTime,delete_flag AS delFlag FROM ddc_picture WHERE (username LIKE ?) 
2019-06-22 21:37:56,249 [DEBUG] [http-nio-8081-exec-7] com.ddc.server.mapper.DDCPictureMapper.selectPage [BaseJdbcLogger.java : 159] ==> Parameters: %去%(String)
2019-06-22 21:37:56,359 [ERROR] [http-nio-8081-exec-7] com.ddc.server.config.web.AllControllerAdvice [AllControllerAdvice.java : 48] 接口出现严重异常：
### Error querying database.  Cause: java.sql.SQLSyntaxErrorException: Unknown column 'username' in 'where clause'
### The error may exist in com/ddc/server/mapper/DDCPictureMapper.java (best guess)
### The error may involve defaultParameterMap
### The error occurred while setting parameters
### SQL: SELECT  id AS id,p_name AS pName,p_classify AS pClassify,p_ordervalue AS pOrdervalue,p_author AS pAuthor,p_tags AS pTags,p_updatetime AS pUpdatetime,p_publishstate AS pPublishstate,picture,create_time AS createTime,create_by AS createBy,update_by AS updateBy,update_time AS updateTime,delete_flag AS delFlag  FROM ddc_picture   WHERE  (username LIKE ?)
### Cause: java.sql.SQLSyntaxErrorException: Unknown column 'username' in 'where clause'
; bad SQL grammar []; nested exception is java.sql.SQLSyntaxErrorException: Unknown column 'username' in 'where clause'
2019-06-22 21:37:59,679 [INFO] [http-nio-8081-exec-9] com.ddc.server.controller.IndexController [IndexController.java : 31] {"createBy":0,"createTime":1560619499537,"delFlag":0,"email":"hello@qq.com","id":1139946923277545474,"mobile":"13812341234","name":"root","password":"f2f337ace5db36a0f83d726f31eb66ff","roleId":1,"salt":"root_0ba80d42-8f92-4374-85be-fef484195bcc","sex":0,"status":0,"updateBy":0,"updateTime":1560619499537}
2019-06-22 21:37:59,819 [DEBUG] [http-nio-8081-exec-8] com.ddc.server.mapper.DDCPictureMapper.selectPage [BaseJdbcLogger.java : 159] ==>  Preparing: SELECT COUNT(1) FROM ddc_picture 
2019-06-22 21:37:59,829 [DEBUG] [http-nio-8081-exec-8] com.ddc.server.mapper.DDCPictureMapper.selectPage [BaseJdbcLogger.java : 159] ==> Parameters: 
2019-06-22 21:37:59,829 [DEBUG] [http-nio-8081-exec-8] com.ddc.server.mapper.DDCPictureMapper.selectPage [BaseJdbcLogger.java : 159] ==>  Preparing: SELECT id AS id,p_name AS pName,p_classify AS pClassify,p_ordervalue AS pOrdervalue,p_author AS pAuthor,p_tags AS pTags,p_updatetime AS pUpdatetime,p_publishstate AS pPublishstate,picture,create_time AS createTime,create_by AS createBy,update_by AS updateBy,update_time AS updateTime,delete_flag AS delFlag FROM ddc_picture LIMIT 0,10 
2019-06-22 21:37:59,829 [DEBUG] [http-nio-8081-exec-8] com.ddc.server.mapper.DDCPictureMapper.selectPage [BaseJdbcLogger.java : 159] ==> Parameters: 
2019-06-22 21:37:59,859 [DEBUG] [http-nio-8081-exec-8] com.ddc.server.mapper.DDCPictureMapper.selectPage [BaseJdbcLogger.java : 159] <==      Total: 10
2019-06-22 23:02:33,885 [INFO] [Thread-21] o.s.scheduling.concurrent.ThreadPoolTaskExecutor [ExecutorConfigurationSupport.java : 208] Shutting down ExecutorService 'taskAsyncPool'
2019-06-22 23:02:33,921 [INFO] [Thread-21] o.s.scheduling.concurrent.ThreadPoolTaskExecutor [ExecutorConfigurationSupport.java : 208] Shutting down ExecutorService 'taskExecutor'
2019-06-22 23:02:34,022 [INFO] [Thread-21] com.alibaba.druid.pool.DruidDataSource [DruidDataSource.java : 1712] {dataSource-1} closed
